TN:
SF:src\App.js
FN:24,App
FNF:1
FNH:0
FNDA:0,App
DA:25,0
LF:1
LH:0
BRF:0
BRH:0
end_of_record
TN:
SF:src\index.js
FNF:0
FNH:0
DA:8,0
DA:9,0
LF:2
LH:0
BRF:0
BRH:0
end_of_record
TN:
SF:src\components\ErrorBoundary.js
FN:4,(anonymous_0)
FN:14,(anonymous_1)
FN:18,(anonymous_2)
FN:28,(anonymous_3)
FN:37,(anonymous_4)
FN:38,(anonymous_5)
FN:43,(anonymous_6)
FN:101,(anonymous_7)
FN:108,(anonymous_8)
FNF:9
FNH:4
FNDA:4,(anonymous_0)
FNDA:2,(anonymous_1)
FNDA:1,(anonymous_2)
FNDA:0,(anonymous_3)
FNDA:0,(anonymous_4)
FNDA:0,(anonymous_5)
FNDA:6,(anonymous_6)
FNDA:0,(anonymous_7)
FNDA:0,(anonymous_8)
DA:5,4
DA:6,3
DA:15,2
DA:19,1
DA:20,1
DA:23,1
DA:28,3
DA:29,0
DA:37,3
DA:38,0
DA:44,6
DA:45,3
DA:46,3
DA:48,3
DA:101,0
DA:108,0
DA:131,3
LF:17
LH:13
BRDA:23,0,0,0
BRDA:23,0,1,1
BRDA:44,1,0,3
BRDA:44,1,1,3
BRDA:62,2,0,3
BRDA:62,2,1,0
BRDA:62,2,2,0
BRDA:68,3,0,0
BRDA:68,3,1,0
BRDA:71,4,0,0
BRDA:71,4,1,0
BRDA:78,5,0,0
BRDA:78,5,1,0
BRDA:120,6,0,3
BRDA:120,6,1,0
BRF:15
BRH:5
end_of_record
TN:
SF:src\components\QualityDashboard.js
FN:5,(anonymous_0)
FN:12,(anonymous_1)
FN:17,(anonymous_2)
FN:20,(anonymous_3)
FN:38,(anonymous_4)
FN:70,(anonymous_5)
FN:78,(anonymous_6)
FN:91,(anonymous_7)
FN:97,(anonymous_8)
FN:135,(anonymous_9)
FN:211,(anonymous_10)
FN:214,(anonymous_11)
FN:319,(anonymous_12)
FN:369,(anonymous_13)
FN:433,(anonymous_14)
FNF:15
FNH:0
FNDA:0,(anonymous_0)
FNDA:0,(anonymous_1)
FNDA:0,(anonymous_2)
FNDA:0,(anonymous_3)
FNDA:0,(anonymous_4)
FNDA:0,(anonymous_5)
FNDA:0,(anonymous_6)
FNDA:0,(anonymous_7)
FNDA:0,(anonymous_8)
FNDA:0,(anonymous_9)
FNDA:0,(anonymous_10)
FNDA:0,(anonymous_11)
FNDA:0,(anonymous_12)
FNDA:0,(anonymous_13)
FNDA:0,(anonymous_14)
DA:5,0
DA:6,0
DA:7,0
DA:8,0
DA:9,0
DA:10,0
DA:12,0
DA:13,0
DA:16,0
DA:17,0
DA:20,0
DA:21,0
DA:23,0
DA:24,0
DA:27,0
DA:28,0
DA:31,0
DA:32,0
DA:34,0
DA:38,0
DA:40,0
DA:46,0
DA:60,0
DA:61,0
DA:70,0
DA:71,0
DA:73,0
DA:75,0
DA:78,0
DA:81,0
DA:83,0
DA:85,0
DA:87,0
DA:91,0
DA:92,0
DA:93,0
DA:94,0
DA:97,0
DA:98,0
DA:99,0
DA:102,0
DA:109,0
DA:114,0
DA:121,0
DA:127,0
DA:135,0
DA:147,0
DA:155,0
DA:162,0
DA:212,0
DA:214,0
DA:320,0
DA:370,0
DA:434,0
LF:54
LH:0
BRDA:92,0,0,0
BRDA:92,0,1,0
BRDA:92,1,0,0
BRDA:92,1,1,0
BRDA:93,2,0,0
BRDA:93,2,1,0
BRDA:93,3,0,0
BRDA:93,3,1,0
BRDA:98,4,0,0
BRDA:98,4,1,0
BRDA:137,5,0,0
BRDA:137,5,1,0
BRDA:141,6,0,0
BRDA:141,6,1,0
BRDA:142,7,0,0
BRDA:142,7,1,0
BRDA:143,8,0,0
BRDA:143,8,1,0
BRDA:180,9,0,0
BRDA:180,9,1,0
BRDA:184,10,0,0
BRDA:184,10,1,0
BRDA:189,11,0,0
BRDA:189,11,1,0
BRDA:223,12,0,0
BRDA:223,12,1,0
BRDA:229,13,0,0
BRDA:229,13,1,0
BRDA:237,14,0,0
BRDA:237,14,1,0
BRDA:244,15,0,0
BRDA:244,15,1,0
BRDA:245,16,0,0
BRDA:245,16,1,0
BRDA:253,17,0,0
BRDA:253,17,1,0
BRDA:265,18,0,0
BRDA:265,18,1,0
BRDA:266,19,0,0
BRDA:266,19,1,0
BRDA:271,20,0,0
BRDA:271,20,1,0
BRDA:271,21,0,0
BRDA:271,21,1,0
BRDA:277,22,0,0
BRDA:277,22,1,0
BRDA:278,23,0,0
BRDA:278,23,1,0
BRDA:283,24,0,0
BRDA:283,24,1,0
BRDA:283,25,0,0
BRDA:283,25,1,0
BRDA:289,26,0,0
BRDA:289,26,1,0
BRDA:290,27,0,0
BRDA:290,27,1,0
BRDA:295,28,0,0
BRDA:295,28,1,0
BRDA:301,29,0,0
BRDA:301,29,1,0
BRDA:302,30,0,0
BRDA:302,30,1,0
BRDA:307,31,0,0
BRDA:307,31,1,0
BRDA:316,32,0,0
BRDA:316,32,1,0
BRDA:322,33,0,0
BRDA:322,33,1,0
BRDA:328,34,0,0
BRDA:328,34,1,0
BRDA:333,35,0,0
BRDA:333,35,1,0
BRDA:337,36,0,0
BRDA:337,36,1,0
BRDA:341,37,0,0
BRDA:341,37,1,0
BRDA:345,38,0,0
BRDA:345,38,1,0
BRDA:349,39,0,0
BRDA:349,39,1,0
BRDA:358,40,0,0
BRDA:358,40,1,0
BRDA:377,41,0,0
BRDA:377,41,1,0
BRDA:380,42,0,0
BRDA:380,42,1,0
BRDA:395,43,0,0
BRDA:395,43,1,0
BRDA:405,44,0,0
BRDA:405,44,1,0
BRDA:410,45,0,0
BRDA:410,45,1,0
BRDA:411,46,0,0
BRDA:411,46,1,0
BRDA:414,47,0,0
BRDA:414,47,1,0
BRDA:421,48,0,0
BRDA:421,48,1,0
BRDA:429,49,0,0
BRDA:429,49,1,0
BRDA:436,50,0,0
BRDA:436,50,1,0
BRDA:436,51,0,0
BRDA:436,51,1,0
BRDA:439,52,0,0
BRDA:439,52,1,0
BRDA:439,53,0,0
BRDA:439,53,1,0
BRDA:447,54,0,0
BRDA:447,54,1,0
BRDA:447,55,0,0
BRDA:447,55,1,0
BRF:112
BRH:0
end_of_record
TN:
SF:src\components\TestDashboard.js
FN:7,(anonymous_0)
FN:27,(anonymous_1)
FN:36,(anonymous_2)
FN:38,(anonymous_3)
FN:56,(anonymous_4)
FN:69,(anonymous_5)
FN:70,(anonymous_6)
FN:90,(anonymous_7)
FN:91,(anonymous_8)
FN:99,(anonymous_9)
FN:123,(anonymous_10)
FN:128,(anonymous_11)
FN:132,(anonymous_12)
FN:142,(anonymous_13)
FN:157,(anonymous_14)
FN:170,(anonymous_15)
FN:173,(anonymous_16)
FN:193,(anonymous_17)
FNF:18
FNH:0
FNDA:0,(anonymous_0)
FNDA:0,(anonymous_1)
FNDA:0,(anonymous_2)
FNDA:0,(anonymous_3)
FNDA:0,(anonymous_4)
FNDA:0,(anonymous_5)
FNDA:0,(anonymous_6)
FNDA:0,(anonymous_7)
FNDA:0,(anonymous_8)
FNDA:0,(anonymous_9)
FNDA:0,(anonymous_10)
FNDA:0,(anonymous_11)
FNDA:0,(anonymous_12)
FNDA:0,(anonymous_13)
FNDA:0,(anonymous_14)
FNDA:0,(anonymous_15)
FNDA:0,(anonymous_16)
FNDA:0,(anonymous_17)
DA:7,0
DA:8,0
DA:17,0
DA:25,0
DA:27,0
DA:28,0
DA:29,0
DA:31,0
DA:32,0
DA:35,0
DA:36,0
DA:38,0
DA:40,0
DA:41,0
DA:44,0
DA:48,0
DA:56,0
DA:69,0
DA:70,0
DA:90,0
DA:91,0
DA:99,0
DA:123,0
DA:124,0
DA:125,0
DA:126,0
DA:128,0
DA:129,0
DA:130,0
DA:132,0
DA:138,0
DA:139,0
DA:142,0
DA:144,0
DA:145,0
DA:149,0
DA:157,0
DA:171,0
DA:174,0
DA:175,0
DA:193,0
DA:194,0
LF:42
LH:0
BRDA:31,0,0,0
BRDA:31,0,1,0
BRDA:52,1,0,0
BRDA:52,1,1,0
BRDA:54,2,0,0
BRDA:54,2,1,0
BRDA:72,3,0,0
BRDA:72,3,1,0
BRDA:76,4,0,0
BRDA:76,4,1,0
BRDA:88,5,0,0
BRDA:88,5,1,0
BRDA:93,6,0,0
BRDA:93,6,1,0
BRDA:102,7,0,0
BRDA:102,7,1,0
BRDA:105,8,0,0
BRDA:105,8,1,0
BRDA:115,9,0,0
BRDA:115,9,1,0
BRDA:129,10,0,0
BRDA:129,10,1,0
BRDA:162,11,0,0
BRDA:162,11,1,0
BRDA:168,12,0,0
BRDA:168,12,1,0
BRF:26
BRH:0
end_of_record
TN:
SF:src\components\TestingImplementationSummary.js
FN:3,(anonymous_0)
FN:98,(anonymous_1)
FN:133,(anonymous_2)
FN:166,(anonymous_3)
FN:169,(anonymous_4)
FN:272,(anonymous_5)
FN:299,(anonymous_6)
FN:330,(anonymous_7)
FNF:8
FNH:0
FNDA:0,(anonymous_0)
FNDA:0,(anonymous_1)
FNDA:0,(anonymous_2)
FNDA:0,(anonymous_3)
FNDA:0,(anonymous_4)
FNDA:0,(anonymous_5)
FNDA:0,(anonymous_6)
FNDA:0,(anonymous_7)
DA:3,0
DA:4,0
DA:6,0
DA:44,0
DA:61,0
DA:69,0
DA:76,0
DA:84,0
DA:90,0
DA:98,0
DA:111,0
DA:119,0
DA:126,0
DA:133,0
DA:134,0
DA:146,0
DA:167,0
DA:169,0
DA:273,0
DA:300,0
DA:331,0
LF:21
LH:0
BRDA:100,0,0,0
BRDA:100,0,1,0
BRDA:104,1,0,0
BRDA:104,1,1,0
BRDA:105,2,0,0
BRDA:105,2,1,0
BRDA:139,3,0,0
BRDA:139,3,1,0
BRDA:140,4,0,0
BRDA:140,4,1,0
BRDA:177,5,0,0
BRDA:177,5,1,0
BRDA:269,6,0,0
BRDA:269,6,1,0
BRDA:296,7,0,0
BRDA:296,7,1,0
BRDA:323,8,0,0
BRDA:323,8,1,0
BRDA:323,8,2,0
BRDA:323,8,3,0
BRDA:326,9,0,0
BRDA:326,9,1,0
BRDA:327,10,0,0
BRDA:327,10,1,0
BRDA:328,11,0,0
BRDA:328,11,1,0
BRDA:343,12,0,0
BRDA:343,12,1,0
BRDA:344,13,0,0
BRDA:344,13,1,0
BRDA:345,14,0,0
BRDA:345,14,1,0
BRDA:346,15,0,0
BRDA:346,15,1,0
BRF:34
BRH:0
end_of_record
TN:
SF:src\components\AI\AIPoweredSystem.js
FN:4,(anonymous_0)
FN:247,(anonymous_1)
FN:252,(anonymous_2)
FN:255,(anonymous_3)
FN:276,(anonymous_4)
FN:284,(anonymous_5)
FN:288,(anonymous_6)
FN:292,(anonymous_7)
FN:299,(anonymous_8)
FN:308,(anonymous_9)
FN:318,(anonymous_10)
FN:322,(anonymous_11)
FN:338,(anonymous_12)
FN:342,(anonymous_13)
FN:384,(anonymous_14)
FN:423,(anonymous_15)
FN:516,(anonymous_16)
FN:555,(anonymous_17)
FN:598,(anonymous_18)
FN:607,(anonymous_19)
FN:629,(anonymous_20)
FN:659,(anonymous_21)
FN:681,(anonymous_22)
FN:709,(anonymous_23)
FN:728,(anonymous_24)
FN:745,(anonymous_25)
FN:748,(anonymous_26)
FN:760,(anonymous_27)
FN:779,(anonymous_28)
FN:788,(anonymous_29)
FN:796,(anonymous_30)
FN:805,(anonymous_31)
FN:815,(anonymous_32)
FN:866,(anonymous_33)
FN:917,(anonymous_34)
FN:921,(anonymous_35)
FNF:36
FNH:0
FNDA:0,(anonymous_0)
FNDA:0,(anonymous_1)
FNDA:0,(anonymous_2)
FNDA:0,(anonymous_3)
FNDA:0,(anonymous_4)
FNDA:0,(anonymous_5)
FNDA:0,(anonymous_6)
FNDA:0,(anonymous_7)
FNDA:0,(anonymous_8)
FNDA:0,(anonymous_9)
FNDA:0,(anonymous_10)
FNDA:0,(anonymous_11)
FNDA:0,(anonymous_12)
FNDA:0,(anonymous_13)
FNDA:0,(anonymous_14)
FNDA:0,(anonymous_15)
FNDA:0,(anonymous_16)
FNDA:0,(anonymous_17)
FNDA:0,(anonymous_18)
FNDA:0,(anonymous_19)
FNDA:0,(anonymous_20)
FNDA:0,(anonymous_21)
FNDA:0,(anonymous_22)
FNDA:0,(anonymous_23)
FNDA:0,(anonymous_24)
FNDA:0,(anonymous_25)
FNDA:0,(anonymous_26)
FNDA:0,(anonymous_27)
FNDA:0,(anonymous_28)
FNDA:0,(anonymous_29)
FNDA:0,(anonymous_30)
FNDA:0,(anonymous_31)
FNDA:0,(anonymous_32)
FNDA:0,(anonymous_33)
FNDA:0,(anonymous_34)
FNDA:0,(anonymous_35)
DA:4,0
DA:5,0
DA:6,0
DA:7,0
DA:8,0
DA:9,0
DA:10,0
DA:11,0
DA:14,0
DA:247,0
DA:248,0
DA:252,0
DA:253,0
DA:254,0
DA:255,0
DA:256,0
DA:257,0
DA:258,0
DA:261,0
DA:270,0
DA:272,0
DA:276,0
DA:277,0
DA:284,0
DA:285,0
DA:288,0
DA:289,0
DA:292,0
DA:293,0
DA:294,0
DA:295,0
DA:296,0
DA:299,0
DA:300,0
DA:301,0
DA:302,0
DA:303,0
DA:304,0
DA:308,0
DA:309,0
DA:311,0
DA:318,0
DA:319,0
DA:322,0
DA:323,0
DA:331,0
DA:338,0
DA:342,0
DA:343,0
DA:385,0
DA:424,0
DA:516,0
DA:517,0
DA:556,0
DA:599,0
DA:608,0
DA:630,0
DA:660,0
DA:681,0
DA:682,0
DA:710,0
DA:729,0
DA:745,0
DA:748,0
DA:761,0
DA:779,0
DA:780,0
DA:788,0
DA:796,0
DA:805,0
DA:816,0
DA:867,0
DA:894,0
DA:901,0
DA:918,0
DA:921,0
LF:76
LH:0
BRDA:293,0,0,0
BRDA:293,0,1,0
BRDA:294,1,0,0
BRDA:294,1,1,0
BRDA:295,2,0,0
BRDA:295,2,1,0
BRDA:300,3,0,0
BRDA:300,3,1,0
BRDA:300,3,2,0
BRDA:300,3,3,0
BRDA:309,4,0,0
BRDA:309,4,1,0
BRDA:731,5,0,0
BRDA:731,5,1,0
BRDA:748,6,0,0
BRDA:748,6,1,0
BRDA:920,7,0,0
BRDA:920,7,1,0
BRDA:929,8,0,0
BRDA:929,8,1,0
BRDA:936,9,0,0
BRDA:936,9,1,0
BRDA:937,10,0,0
BRDA:937,10,1,0
BRDA:938,11,0,0
BRDA:938,11,1,0
BRDA:939,12,0,0
BRDA:939,12,1,0
BRF:28
BRH:0
end_of_record
TN:
SF:src\components\AI\AdvancedAIFeatures.js
FN:3,(anonymous_0)
FN:72,(anonymous_1)
FN:125,(anonymous_2)
FN:128,(anonymous_3)
FN:139,(anonymous_4)
FNF:5
FNH:0
FNDA:0,(anonymous_0)
FNDA:0,(anonymous_1)
FNDA:0,(anonymous_2)
FNDA:0,(anonymous_3)
FNDA:0,(anonymous_4)
DA:3,0
DA:4,0
DA:6,0
DA:13,0
DA:40,0
DA:47,0
DA:52,0
DA:59,0
DA:64,0
DA:72,0
DA:85,0
DA:90,0
DA:96,0
DA:104,0
DA:111,0
DA:117,0
DA:126,0
DA:128,0
DA:140,0
LF:19
LH:0
BRDA:77,0,0,0
BRDA:77,0,1,0
BRDA:81,1,0,0
BRDA:81,1,1,0
BRDA:82,2,0,0
BRDA:82,2,1,0
BRF:6
BRH:0
end_of_record
TN:
SF:src\components\Agent\AdvancedAgentPerformance.js
FN:3,(anonymous_0)
FN:72,(anonymous_1)
FN:125,(anonymous_2)
FN:128,(anonymous_3)
FN:139,(anonymous_4)
FNF:5
FNH:0
FNDA:0,(anonymous_0)
FNDA:0,(anonymous_1)
FNDA:0,(anonymous_2)
FNDA:0,(anonymous_3)
FNDA:0,(anonymous_4)
DA:3,0
DA:4,0
DA:6,0
DA:13,0
DA:40,0
DA:47,0
DA:52,0
DA:59,0
DA:64,0
DA:72,0
DA:85,0
DA:90,0
DA:96,0
DA:104,0
DA:111,0
DA:117,0
DA:126,0
DA:128,0
DA:140,0
LF:19
LH:0
BRDA:77,0,0,0
BRDA:77,0,1,0
BRDA:81,1,0,0
BRDA:81,1,1,0
BRDA:82,2,0,0
BRDA:82,2,1,0
BRF:6
BRH:0
end_of_record
TN:
SF:src\components\Agent\AgentManagement.js
FN:5,(anonymous_0)
FN:21,(anonymous_1)
FN:27,(anonymous_2)
FN:31,(anonymous_3)
FN:256,(anonymous_4)
FN:275,(anonymous_5)
FN:276,(anonymous_6)
FN:283,(anonymous_7)
FN:284,(anonymous_8)
FN:291,(anonymous_9)
FN:292,(anonymous_10)
FN:311,(anonymous_11)
FN:354,(anonymous_12)
FN:363,(anonymous_13)
FN:415,(anonymous_14)
FN:426,(anonymous_15)
FN:433,(anonymous_16)
FN:475,(anonymous_17)
FN:484,(anonymous_18)
FN:488,(anonymous_19)
FN:488,(anonymous_20)
FN:499,(anonymous_21)
FN:521,(anonymous_22)
FN:575,(anonymous_23)
FN:581,(anonymous_24)
FN:587,(anonymous_25)
FN:593,(anonymous_26)
FNF:27
FNH:0
FNDA:0,(anonymous_0)
FNDA:0,(anonymous_1)
FNDA:0,(anonymous_2)
FNDA:0,(anonymous_3)
FNDA:0,(anonymous_4)
FNDA:0,(anonymous_5)
FNDA:0,(anonymous_6)
FNDA:0,(anonymous_7)
FNDA:0,(anonymous_8)
FNDA:0,(anonymous_9)
FNDA:0,(anonymous_10)
FNDA:0,(anonymous_11)
FNDA:0,(anonymous_12)
FNDA:0,(anonymous_13)
FNDA:0,(anonymous_14)
FNDA:0,(anonymous_15)
FNDA:0,(anonymous_16)
FNDA:0,(anonymous_17)
FNDA:0,(anonymous_18)
FNDA:0,(anonymous_19)
FNDA:0,(anonymous_20)
FNDA:0,(anonymous_21)
FNDA:0,(anonymous_22)
FNDA:0,(anonymous_23)
FNDA:0,(anonymous_24)
FNDA:0,(anonymous_25)
FNDA:0,(anonymous_26)
DA:5,0
DA:6,0
DA:7,0
DA:8,0
DA:9,0
DA:10,0
DA:18,0
DA:19,0
DA:21,0
DA:22,0
DA:23,0
DA:27,0
DA:28,0
DA:29,0
DA:31,0
DA:33,0
DA:43,0
DA:137,0
DA:201,0
DA:248,0
DA:251,0
DA:252,0
DA:256,0
DA:257,0
DA:272,0
DA:275,0
DA:276,0
DA:277,0
DA:283,0
DA:284,0
DA:285,0
DA:291,0
DA:292,0
DA:293,0
DA:299,0
DA:300,0
DA:311,0
DA:312,0
DA:354,0
DA:355,0
DA:364,0
DA:415,0
DA:426,0
DA:427,0
DA:434,0
DA:475,0
DA:484,0
DA:488,0
DA:489,0
DA:499,0
DA:500,0
DA:522,0
DA:549,0
DA:575,0
DA:581,0
DA:587,0
DA:593,0
LF:57
LH:0
BRDA:22,0,0,0
BRDA:22,0,1,0
BRDA:277,1,0,0
BRDA:277,1,1,0
BRDA:278,2,0,0
BRDA:278,2,1,0
BRDA:285,3,0,0
BRDA:285,3,1,0
BRDA:293,4,0,0
BRDA:293,4,1,0
BRDA:299,5,0,0
BRDA:299,5,1,0
BRDA:414,6,0,0
BRDA:414,6,1,0
BRDA:417,7,0,0
BRDA:417,7,1,0
BRDA:537,8,0,0
BRDA:537,8,1,0
BRDA:574,9,0,0
BRDA:574,9,1,0
BRDA:580,10,0,0
BRDA:580,10,1,0
BRDA:586,11,0,0
BRDA:586,11,1,0
BRDA:592,12,0,0
BRDA:592,12,1,0
BRDA:600,13,0,0
BRDA:600,13,1,0
BRDA:601,14,0,0
BRDA:601,14,1,0
BRDA:602,15,0,0
BRDA:602,15,1,0
BRDA:603,16,0,0
BRDA:603,16,1,0
BRF:34
BRH:0
end_of_record
TN:
SF:src\components\Applications\ApplicationForm.js
FN:4,(anonymous_0)
FN:143,(anonymous_1)
FN:144,(anonymous_2)
FN:153,(anonymous_3)
FN:154,(anonymous_4)
FN:166,(anonymous_5)
FN:167,(anonymous_6)
FN:169,(anonymous_7)
FN:175,(anonymous_8)
FN:216,(anonymous_9)
FN:220,(anonymous_10)
FN:226,(anonymous_11)
FN:227,(anonymous_12)
FN:230,(anonymous_13)
FN:233,(anonymous_14)
FN:236,(anonymous_15)
FN:237,(anonymous_16)
FN:257,(anonymous_17)
FN:268,(anonymous_18)
FN:291,(anonymous_19)
FN:303,(anonymous_20)
FN:303,(anonymous_21)
FN:315,(anonymous_22)
FN:315,(anonymous_23)
FN:327,(anonymous_24)
FN:327,(anonymous_25)
FN:339,(anonymous_26)
FN:339,(anonymous_27)
FN:351,(anonymous_28)
FN:351,(anonymous_29)
FN:363,(anonymous_30)
FN:363,(anonymous_31)
FN:383,(anonymous_32)
FN:395,(anonymous_33)
FN:407,(anonymous_34)
FN:419,(anonymous_35)
FN:429,(anonymous_36)
FN:440,(anonymous_37)
FN:450,(anonymous_38)
FN:459,(anonymous_39)
FN:477,(anonymous_40)
FN:495,(anonymous_41)
FN:507,(anonymous_42)
FN:519,(anonymous_43)
FN:529,(anonymous_44)
FN:539,(anonymous_45)
FN:549,(anonymous_46)
FN:562,(anonymous_47)
FN:583,(anonymous_48)
FN:596,(anonymous_49)
FN:607,(anonymous_50)
FN:618,(anonymous_51)
FN:631,(anonymous_52)
FN:649,(anonymous_53)
FN:659,(anonymous_54)
FN:669,(anonymous_55)
FN:679,(anonymous_56)
FN:692,(anonymous_57)
FN:697,(anonymous_58)
FN:711,(anonymous_59)
FN:720,(anonymous_60)
FN:729,(anonymous_61)
FN:739,(anonymous_62)
FN:748,(anonymous_63)
FN:757,(anonymous_64)
FN:771,(anonymous_65)
FN:780,(anonymous_66)
FN:789,(anonymous_67)
FN:798,(anonymous_68)
FN:816,(anonymous_69)
FN:831,(anonymous_70)
FN:832,(anonymous_71)
FN:839,(anonymous_72)
FN:864,(anonymous_73)
FN:888,(anonymous_74)
FN:897,(anonymous_75)
FN:911,(anonymous_76)
FN:922,(anonymous_77)
FN:933,(anonymous_78)
FN:944,(anonymous_79)
FN:961,(anonymous_80)
FN:972,(anonymous_81)
FN:995,(anonymous_82)
FNF:83
FNH:0
FNDA:0,(anonymous_0)
FNDA:0,(anonymous_1)
FNDA:0,(anonymous_2)
FNDA:0,(anonymous_3)
FNDA:0,(anonymous_4)
FNDA:0,(anonymous_5)
FNDA:0,(anonymous_6)
FNDA:0,(anonymous_7)
FNDA:0,(anonymous_8)
FNDA:0,(anonymous_9)
FNDA:0,(anonymous_10)
FNDA:0,(anonymous_11)
FNDA:0,(anonymous_12)
FNDA:0,(anonymous_13)
FNDA:0,(anonymous_14)
FNDA:0,(anonymous_15)
FNDA:0,(anonymous_16)
FNDA:0,(anonymous_17)
FNDA:0,(anonymous_18)
FNDA:0,(anonymous_19)
FNDA:0,(anonymous_20)
FNDA:0,(anonymous_21)
FNDA:0,(anonymous_22)
FNDA:0,(anonymous_23)
FNDA:0,(anonymous_24)
FNDA:0,(anonymous_25)
FNDA:0,(anonymous_26)
FNDA:0,(anonymous_27)
FNDA:0,(anonymous_28)
FNDA:0,(anonymous_29)
FNDA:0,(anonymous_30)
FNDA:0,(anonymous_31)
FNDA:0,(anonymous_32)
FNDA:0,(anonymous_33)
FNDA:0,(anonymous_34)
FNDA:0,(anonymous_35)
FNDA:0,(anonymous_36)
FNDA:0,(anonymous_37)
FNDA:0,(anonymous_38)
FNDA:0,(anonymous_39)
FNDA:0,(anonymous_40)
FNDA:0,(anonymous_41)
FNDA:0,(anonymous_42)
FNDA:0,(anonymous_43)
FNDA:0,(anonymous_44)
FNDA:0,(anonymous_45)
FNDA:0,(anonymous_46)
FNDA:0,(anonymous_47)
FNDA:0,(anonymous_48)
FNDA:0,(anonymous_49)
FNDA:0,(anonymous_50)
FNDA:0,(anonymous_51)
FNDA:0,(anonymous_52)
FNDA:0,(anonymous_53)
FNDA:0,(anonymous_54)
FNDA:0,(anonymous_55)
FNDA:0,(anonymous_56)
FNDA:0,(anonymous_57)
FNDA:0,(anonymous_58)
FNDA:0,(anonymous_59)
FNDA:0,(anonymous_60)
FNDA:0,(anonymous_61)
FNDA:0,(anonymous_62)
FNDA:0,(anonymous_63)
FNDA:0,(anonymous_64)
FNDA:0,(anonymous_65)
FNDA:0,(anonymous_66)
FNDA:0,(anonymous_67)
FNDA:0,(anonymous_68)
FNDA:0,(anonymous_69)
FNDA:0,(anonymous_70)
FNDA:0,(anonymous_71)
FNDA:0,(anonymous_72)
FNDA:0,(anonymous_73)
FNDA:0,(anonymous_74)
FNDA:0,(anonymous_75)
FNDA:0,(anonymous_76)
FNDA:0,(anonymous_77)
FNDA:0,(anonymous_78)
FNDA:0,(anonymous_79)
FNDA:0,(anonymous_80)
FNDA:0,(anonymous_81)
FNDA:0,(anonymous_82)
DA:4,0
DA:5,0
DA:6,0
DA:93,0
DA:94,0
DA:95,0
DA:96,0
DA:98,0
DA:143,0
DA:144,0
DA:153,0
DA:154,0
DA:166,0
DA:167,0
DA:170,0
DA:175,0
DA:176,0
DA:178,0
DA:180,0
DA:181,0
DA:182,0
DA:183,0
DA:184,0
DA:185,0
DA:186,0
DA:189,0
DA:190,0
DA:191,0
DA:192,0
DA:195,0
DA:196,0
DA:197,0
DA:198,0
DA:200,0
DA:203,0
DA:204,0
DA:205,0
DA:208,0
DA:209,0
DA:210,0
DA:213,0
DA:216,0
DA:217,0
DA:218,0
DA:219,0
DA:220,0
DA:222,0
DA:226,0
DA:227,0
DA:230,0
DA:231,0
DA:233,0
DA:236,0
DA:237,0
DA:238,0
DA:239,0
DA:241,0
DA:242,0
DA:243,0
DA:249,0
DA:252,0
DA:257,0
DA:258,0
DA:259,0
DA:260,0
DA:261,0
DA:264,0
DA:266,0
DA:268,0
DA:270,0
DA:277,0
DA:278,0
DA:281,0
DA:282,0
DA:284,0
DA:285,0
DA:287,0
DA:291,0
DA:292,0
DA:294,0
DA:303,0
DA:315,0
DA:327,0
DA:339,0
DA:351,0
DA:363,0
DA:373,0
DA:383,0
DA:395,0
DA:407,0
DA:419,0
DA:429,0
DA:440,0
DA:450,0
DA:459,0
DA:468,0
DA:477,0
DA:495,0
DA:507,0
DA:519,0
DA:529,0
DA:539,0
DA:549,0
DA:562,0
DA:573,0
DA:583,0
DA:596,0
DA:607,0
DA:618,0
DA:631,0
DA:649,0
DA:659,0
DA:669,0
DA:679,0
DA:692,0
DA:697,0
DA:708,0
DA:712,0
DA:720,0
DA:729,0
DA:739,0
DA:748,0
DA:757,0
DA:771,0
DA:780,0
DA:789,0
DA:798,0
DA:806,0
DA:817,0
DA:831,0
DA:832,0
DA:839,0
DA:864,0
DA:878,0
DA:888,0
DA:897,0
DA:911,0
DA:922,0
DA:933,0
DA:944,0
DA:961,0
DA:972,0
DA:985,0
DA:989,0
DA:996,0
LF:145
LH:0
BRDA:4,0,0,0
BRDA:4,1,0,0
BRDA:170,2,0,0
BRDA:170,2,1,0
BRDA:178,3,0,0
BRDA:178,3,1,0
BRDA:178,3,2,0
BRDA:178,3,3,0
BRDA:178,3,4,0
BRDA:180,4,0,0
BRDA:180,4,1,0
BRDA:181,5,0,0
BRDA:181,5,1,0
BRDA:182,6,0,0
BRDA:182,6,1,0
BRDA:183,7,0,0
BRDA:183,7,1,0
BRDA:184,8,0,0
BRDA:184,8,1,0
BRDA:185,9,0,0
BRDA:185,9,1,0
BRDA:189,10,0,0
BRDA:189,10,1,0
BRDA:190,11,0,0
BRDA:190,11,1,0
BRDA:191,12,0,0
BRDA:191,12,1,0
BRDA:195,13,0,0
BRDA:195,13,1,0
BRDA:196,14,0,0
BRDA:196,14,1,0
BRDA:197,15,0,0
BRDA:197,15,1,0
BRDA:198,16,0,0
BRDA:198,16,1,0
BRDA:203,17,0,0
BRDA:203,17,1,0
BRDA:204,18,0,0
BRDA:204,18,1,0
BRDA:208,19,0,0
BRDA:208,19,1,0
BRDA:209,20,0,0
BRDA:209,20,1,0
BRDA:218,21,0,0
BRDA:218,21,1,0
BRDA:231,22,0,0
BRDA:231,22,1,0
BRDA:238,23,0,0
BRDA:238,23,1,0
BRDA:241,24,0,0
BRDA:241,24,1,0
BRDA:259,25,0,0
BRDA:259,25,1,0
BRDA:277,26,0,0
BRDA:277,26,1,0
BRDA:292,27,0,0
BRDA:292,27,1,0
BRDA:292,27,2,0
BRDA:292,27,3,0
BRDA:292,27,4,0
BRDA:292,27,5,0
BRDA:292,27,6,0
BRDA:292,27,7,0
BRDA:304,28,0,0
BRDA:304,28,1,0
BRDA:306,29,0,0
BRDA:306,29,1,0
BRDA:316,30,0,0
BRDA:316,30,1,0
BRDA:318,31,0,0
BRDA:318,31,1,0
BRDA:328,32,0,0
BRDA:328,32,1,0
BRDA:330,33,0,0
BRDA:330,33,1,0
BRDA:340,34,0,0
BRDA:340,34,1,0
BRDA:342,35,0,0
BRDA:342,35,1,0
BRDA:352,36,0,0
BRDA:352,36,1,0
BRDA:354,37,0,0
BRDA:354,37,1,0
BRDA:384,38,0,0
BRDA:384,38,1,0
BRDA:386,39,0,0
BRDA:386,39,1,0
BRDA:396,40,0,0
BRDA:396,40,1,0
BRDA:398,41,0,0
BRDA:398,41,1,0
BRDA:408,42,0,0
BRDA:408,42,1,0
BRDA:410,43,0,0
BRDA:410,43,1,0
BRDA:487,44,0,0
BRDA:487,44,1,0
BRDA:496,45,0,0
BRDA:496,45,1,0
BRDA:498,46,0,0
BRDA:498,46,1,0
BRDA:508,47,0,0
BRDA:508,47,1,0
BRDA:510,48,0,0
BRDA:510,48,1,0
BRDA:564,49,0,0
BRDA:564,49,1,0
BRDA:566,50,0,0
BRDA:566,50,1,0
BRDA:585,51,0,0
BRDA:585,51,1,0
BRDA:587,52,0,0
BRDA:587,52,1,0
BRDA:608,53,0,0
BRDA:608,53,1,0
BRDA:610,54,0,0
BRDA:610,54,1,0
BRDA:686,55,0,0
BRDA:686,55,1,0
BRDA:821,56,0,0
BRDA:821,56,1,0
BRDA:827,57,0,0
BRDA:827,57,1,0
BRDA:843,58,0,0
BRDA:843,58,1,0
BRDA:966,59,0,0
BRDA:966,59,1,0
BRDA:977,60,0,0
BRDA:977,60,1,0
BRDA:998,61,0,0
BRDA:998,61,1,0
BRDA:998,62,0,0
BRDA:998,62,1,0
BRDA:1001,63,0,0
BRDA:1001,63,1,0
BRDA:1043,64,0,0
BRDA:1043,64,1,0
BRDA:1058,65,0,0
BRDA:1058,65,1,0
BRF:139
BRH:0
end_of_record
TN:
SF:src\components\Applications\LeaseManagement.js
FN:4,(anonymous_0)
FN:155,(anonymous_1)
FN:156,(anonymous_2)
FN:158,(anonymous_3)
FN:175,(anonymous_4)
FN:181,(anonymous_5)
FN:194,(anonymous_6)
FN:195,(anonymous_7)
FN:201,(anonymous_8)
FN:205,(anonymous_9)
FN:214,(anonymous_10)
FN:233,(anonymous_11)
FN:234,(anonymous_12)
FN:234,(anonymous_13)
FN:245,(anonymous_14)
FN:253,(anonymous_15)
FN:260,(anonymous_16)
FN:268,(anonymous_17)
FN:277,(anonymous_18)
FN:284,(anonymous_19)
FN:352,(anonymous_20)
FN:354,(anonymous_21)
FN:436,(anonymous_22)
FN:456,(anonymous_23)
FN:473,(anonymous_24)
FN:474,(anonymous_25)
FN:474,(anonymous_26)
FN:493,(anonymous_27)
FN:508,(anonymous_28)
FN:558,(anonymous_29)
FN:566,(anonymous_30)
FN:570,(anonymous_31)
FN:577,(anonymous_32)
FN:591,(anonymous_33)
FN:606,(anonymous_34)
FNF:35
FNH:0
FNDA:0,(anonymous_0)
FNDA:0,(anonymous_1)
FNDA:0,(anonymous_2)
FNDA:0,(anonymous_3)
FNDA:0,(anonymous_4)
FNDA:0,(anonymous_5)
FNDA:0,(anonymous_6)
FNDA:0,(anonymous_7)
FNDA:0,(anonymous_8)
FNDA:0,(anonymous_9)
FNDA:0,(anonymous_10)
FNDA:0,(anonymous_11)
FNDA:0,(anonymous_12)
FNDA:0,(anonymous_13)
FNDA:0,(anonymous_14)
FNDA:0,(anonymous_15)
FNDA:0,(anonymous_16)
FNDA:0,(anonymous_17)
FNDA:0,(anonymous_18)
FNDA:0,(anonymous_19)
FNDA:0,(anonymous_20)
FNDA:0,(anonymous_21)
FNDA:0,(anonymous_22)
FNDA:0,(anonymous_23)
FNDA:0,(anonymous_24)
FNDA:0,(anonymous_25)
FNDA:0,(anonymous_26)
FNDA:0,(anonymous_27)
FNDA:0,(anonymous_28)
FNDA:0,(anonymous_29)
FNDA:0,(anonymous_30)
FNDA:0,(anonymous_31)
FNDA:0,(anonymous_32)
FNDA:0,(anonymous_33)
FNDA:0,(anonymous_34)
DA:4,0
DA:5,0
DA:6,0
DA:7,0
DA:8,0
DA:9,0
DA:10,0
DA:11,0
DA:14,0
DA:155,0
DA:156,0
DA:157,0
DA:158,0
DA:159,0
DA:160,0
DA:163,0
DA:166,0
DA:175,0
DA:176,0
DA:177,0
DA:178,0
DA:181,0
DA:182,0
DA:183,0
DA:187,0
DA:188,0
DA:191,0
DA:194,0
DA:195,0
DA:200,0
DA:201,0
DA:204,0
DA:205,0
DA:206,0
DA:214,0
DA:215,0
DA:217,0
DA:219,0
DA:221,0
DA:223,0
DA:226,0
DA:230,0
DA:233,0
DA:234,0
DA:235,0
DA:245,0
DA:246,0
DA:253,0
DA:254,0
DA:260,0
DA:261,0
DA:262,0
DA:263,0
DA:264,0
DA:265,0
DA:268,0
DA:269,0
DA:270,0
DA:271,0
DA:272,0
DA:273,0
DA:277,0
DA:278,0
DA:279,0
DA:281,0
DA:284,0
DA:352,0
DA:353,0
DA:354,0
DA:437,0
DA:457,0
DA:474,0
DA:475,0
DA:493,0
DA:507,0
DA:508,0
DA:509,0
DA:510,0
DA:513,0
DA:514,0
DA:524,0
DA:558,0
DA:566,0
DA:571,0
DA:577,0
DA:592,0
DA:606,0
LF:87
LH:0
BRDA:182,0,0,0
BRDA:182,0,1,0
BRDA:182,1,0,0
BRDA:182,1,1,0
BRDA:187,2,0,0
BRDA:187,2,1,0
BRDA:187,3,0,0
BRDA:187,3,1,0
BRDA:187,3,2,0
BRDA:200,4,0,0
BRDA:200,4,1,0
BRDA:204,5,0,0
BRDA:204,5,1,0
BRDA:206,6,0,0
BRDA:206,6,1,0
BRDA:206,6,2,0
BRDA:206,6,3,0
BRDA:215,7,0,0
BRDA:215,7,1,0
BRDA:215,7,2,0
BRDA:215,7,3,0
BRDA:215,7,4,0
BRDA:215,7,5,0
BRDA:233,8,0,0
BRDA:235,9,0,0
BRDA:235,9,1,0
BRDA:239,10,0,0
BRDA:239,10,1,0
BRDA:269,11,0,0
BRDA:269,11,1,0
BRDA:269,11,2,0
BRDA:269,11,3,0
BRDA:316,12,0,0
BRDA:316,12,1,0
BRDA:317,13,0,0
BRDA:317,13,1,0
BRDA:322,14,0,0
BRDA:322,14,1,0
BRDA:322,15,0,0
BRDA:322,15,1,0
BRDA:325,16,0,0
BRDA:325,16,1,0
BRDA:326,17,0,0
BRDA:326,17,1,0
BRDA:341,18,0,0
BRDA:341,18,1,0
BRDA:402,19,0,0
BRDA:402,19,1,0
BRDA:424,20,0,0
BRDA:424,20,1,0
BRDA:428,21,0,0
BRDA:428,21,1,0
BRDA:475,22,0,0
BRDA:475,22,1,0
BRDA:490,23,0,0
BRDA:490,23,1,0
BRDA:509,24,0,0
BRDA:509,24,1,0
BRDA:513,25,0,0
BRDA:513,25,1,0
BRDA:538,26,0,0
BRDA:538,26,1,0
BRDA:542,27,0,0
BRDA:542,27,1,0
BRDA:546,28,0,0
BRDA:546,28,1,0
BRDA:590,29,0,0
BRDA:590,29,1,0
BRDA:603,30,0,0
BRDA:603,30,1,0
BRF:70
BRH:0
end_of_record
TN:
SF:src\components\Auth\AuthModal.js
FN:28,(anonymous_0)
FN:60,(anonymous_1)
FN:76,(anonymous_2)
FN:79,(anonymous_3)
FN:80,(anonymous_4)
FN:83,(anonymous_5)
FN:86,(anonymous_6)
FN:136,(anonymous_7)
FN:185,(anonymous_8)
FN:199,(anonymous_9)
FN:209,(anonymous_10)
FN:239,(anonymous_11)
FN:291,(anonymous_12)
FN:326,(anonymous_13)
FN:346,(anonymous_14)
FN:356,(anonymous_15)
FN:409,(anonymous_16)
FN:461,(anonymous_17)
FN:478,(anonymous_18)
FN:492,(anonymous_19)
FN:523,(anonymous_20)
FN:551,(anonymous_21)
FN:561,(anonymous_22)
FN:672,(anonymous_23)
FN:713,(anonymous_24)
FN:822,(anonymous_25)
FN:827,(anonymous_26)
FN:874,(anonymous_27)
FN:891,(anonymous_28)
FN:905,(anonymous_29)
FN:930,(anonymous_30)
FN:940,(anonymous_31)
FNF:32
FNH:0
FNDA:0,(anonymous_0)
FNDA:0,(anonymous_1)
FNDA:0,(anonymous_2)
FNDA:0,(anonymous_3)
FNDA:0,(anonymous_4)
FNDA:0,(anonymous_5)
FNDA:0,(anonymous_6)
FNDA:0,(anonymous_7)
FNDA:0,(anonymous_8)
FNDA:0,(anonymous_9)
FNDA:0,(anonymous_10)
FNDA:0,(anonymous_11)
FNDA:0,(anonymous_12)
FNDA:0,(anonymous_13)
FNDA:0,(anonymous_14)
FNDA:0,(anonymous_15)
FNDA:0,(anonymous_16)
FNDA:0,(anonymous_17)
FNDA:0,(anonymous_18)
FNDA:0,(anonymous_19)
FNDA:0,(anonymous_20)
FNDA:0,(anonymous_21)
FNDA:0,(anonymous_22)
FNDA:0,(anonymous_23)
FNDA:0,(anonymous_24)
FNDA:0,(anonymous_25)
FNDA:0,(anonymous_26)
FNDA:0,(anonymous_27)
FNDA:0,(anonymous_28)
FNDA:0,(anonymous_29)
FNDA:0,(anonymous_30)
FNDA:0,(anonymous_31)
DA:8,0
DA:13,0
DA:28,0
DA:29,0
DA:30,0
DA:31,0
DA:32,0
DA:33,0
DA:34,0
DA:35,0
DA:36,0
DA:38,0
DA:46,0
DA:60,0
DA:61,0
DA:62,0
DA:63,0
DA:64,0
DA:65,0
DA:66,0
DA:68,0
DA:69,0
DA:76,0
DA:78,0
DA:79,0
DA:80,0
DA:83,0
DA:86,0
DA:87,0
DA:89,0
DA:92,0
DA:94,0
DA:95,0
DA:105,0
DA:106,0
DA:107,0
DA:108,0
DA:111,0
DA:112,0
DA:116,0
DA:119,0
DA:121,0
DA:123,0
DA:124,0
DA:125,0
DA:126,0
DA:127,0
DA:128,0
DA:131,0
DA:136,0
DA:137,0
DA:139,0
DA:142,0
DA:151,0
DA:153,0
DA:154,0
DA:164,0
DA:165,0
DA:166,0
DA:167,0
DA:170,0
DA:171,0
DA:174,0
DA:177,0
DA:180,0
DA:181,0
DA:182,0
DA:183,0
DA:185,0
DA:186,0
DA:188,0
DA:190,0
DA:194,0
DA:195,0
DA:199,0
DA:200,0
DA:201,0
DA:202,0
DA:203,0
DA:204,0
DA:205,0
DA:206,0
DA:209,0
DA:210,0
DA:211,0
DA:212,0
DA:215,0
DA:217,0
DA:220,0
DA:223,0
DA:225,0
DA:226,0
DA:227,0
DA:228,0
DA:230,0
DA:233,0
DA:234,0
DA:235,0
DA:239,0
DA:240,0
DA:241,0
DA:242,0
DA:245,0
DA:247,0
DA:250,0
DA:253,0
DA:255,0
DA:256,0
DA:267,0
DA:268,0
DA:269,0
DA:272,0
DA:273,0
DA:274,0
DA:275,0
DA:278,0
DA:279,0
DA:282,0
DA:285,0
DA:286,0
DA:287,0
DA:291,0
DA:292,0
DA:294,0
DA:296,0
DA:299,0
DA:302,0
DA:304,0
DA:305,0
DA:306,0
DA:308,0
DA:311,0
DA:312,0
DA:313,0
DA:317,0
DA:319,0
DA:326,0
DA:346,0
DA:356,0
DA:409,0
DA:462,0
DA:479,0
DA:493,0
DA:523,0
DA:551,0
DA:561,0
DA:672,0
DA:713,0
DA:822,0
DA:827,0
DA:875,0
DA:892,0
DA:906,0
DA:930,0
DA:940,0
LF:155
LH:0
BRDA:28,0,0,0
BRDA:61,1,0,0
BRDA:61,1,1,0
BRDA:78,2,0,0
BRDA:78,2,1,0
BRDA:94,3,0,0
BRDA:94,3,1,0
BRDA:96,4,0,0
BRDA:96,4,1,0
BRDA:111,5,0,0
BRDA:111,5,1,0
BRDA:116,6,0,0
BRDA:116,6,1,0
BRDA:123,7,0,0
BRDA:123,7,1,0
BRDA:125,8,0,0
BRDA:125,8,1,0
BRDA:127,9,0,0
BRDA:127,9,1,0
BRDA:153,10,0,0
BRDA:153,10,1,0
BRDA:155,11,0,0
BRDA:155,11,1,0
BRDA:170,12,0,0
BRDA:170,12,1,0
BRDA:174,13,0,0
BRDA:174,13,1,0
BRDA:180,14,0,0
BRDA:180,14,1,0
BRDA:182,15,0,0
BRDA:182,15,1,0
BRDA:194,16,0,0
BRDA:194,16,1,0
BRDA:210,17,0,0
BRDA:210,17,1,0
BRDA:210,18,0,0
BRDA:210,18,1,0
BRDA:220,19,0,0
BRDA:220,19,1,0
BRDA:225,20,0,0
BRDA:225,20,1,0
BRDA:230,21,0,0
BRDA:230,21,1,0
BRDA:234,22,0,0
BRDA:234,22,1,0
BRDA:240,23,0,0
BRDA:240,23,1,0
BRDA:240,24,0,0
BRDA:240,24,1,0
BRDA:250,25,0,0
BRDA:250,25,1,0
BRDA:255,26,0,0
BRDA:255,26,1,0
BRDA:257,27,0,0
BRDA:257,27,1,0
BRDA:278,28,0,0
BRDA:278,28,1,0
BRDA:282,29,0,0
BRDA:282,29,1,0
BRDA:286,30,0,0
BRDA:286,30,1,0
BRDA:292,31,0,0
BRDA:292,31,1,0
BRDA:299,32,0,0
BRDA:299,32,1,0
BRDA:304,33,0,0
BRDA:304,33,1,0
BRDA:308,34,0,0
BRDA:308,34,1,0
BRDA:312,35,0,0
BRDA:312,35,1,0
BRDA:317,36,0,0
BRDA:317,36,1,0
BRDA:331,37,0,0
BRDA:331,37,1,0
BRDA:331,38,0,0
BRDA:331,38,1,0
BRDA:343,39,0,0
BRDA:343,39,1,0
BRDA:343,39,2,0
BRDA:348,40,0,0
BRDA:348,40,1,0
BRDA:358,41,0,0
BRDA:358,41,1,0
BRDA:372,42,0,0
BRDA:372,42,1,0
BRDA:384,43,0,0
BRDA:384,43,1,0
BRDA:398,44,0,0
BRDA:398,44,1,0
BRDA:412,45,0,0
BRDA:412,45,1,0
BRDA:424,46,0,0
BRDA:424,46,1,0
BRDA:436,47,0,0
BRDA:436,47,1,0
BRDA:508,48,0,0
BRDA:508,48,1,0
BRDA:510,49,0,0
BRDA:510,49,1,0
BRDA:536,50,0,0
BRDA:536,50,1,0
BRDA:571,51,0,0
BRDA:571,51,1,0
BRDA:578,52,0,0
BRDA:578,52,1,0
BRDA:597,53,0,0
BRDA:597,53,1,0
BRDA:611,54,0,0
BRDA:611,54,1,0
BRDA:628,55,0,0
BRDA:628,55,1,0
BRDA:646,56,0,0
BRDA:646,56,1,0
BRDA:661,57,0,0
BRDA:661,57,1,0
BRDA:675,58,0,0
BRDA:675,58,1,0
BRDA:687,59,0,0
BRDA:687,59,1,0
BRDA:702,60,0,0
BRDA:702,60,1,0
BRDA:716,61,0,0
BRDA:716,61,1,0
BRDA:728,62,0,0
BRDA:728,62,1,0
BRDA:742,63,0,0
BRDA:742,63,1,0
BRDA:755,64,0,0
BRDA:755,64,1,0
BRDA:763,65,0,0
BRDA:763,65,1,0
BRDA:776,66,0,0
BRDA:776,66,1,0
BRDA:784,67,0,0
BRDA:784,67,1,0
BRDA:797,68,0,0
BRDA:797,68,1,0
BRDA:804,69,0,0
BRDA:804,69,1,0
BRDA:832,70,0,0
BRDA:832,70,1,0
BRDA:844,71,0,0
BRDA:844,71,1,0
BRDA:926,72,0,0
BRDA:926,72,1,0
BRDA:926,73,0,0
BRDA:926,73,1,0
BRF:148
BRH:0
end_of_record
TN:
SF:src\components\Auth\LoginForm.js
FN:4,(anonymous_0)
FN:15,(anonymous_1)
FN:17,(anonymous_2)
FN:23,(anonymous_3)
FNF:4
FNH:0
FNDA:0,(anonymous_0)
FNDA:0,(anonymous_1)
FNDA:0,(anonymous_2)
FNDA:0,(anonymous_3)
DA:4,0
DA:5,0
DA:10,0
DA:11,0
DA:13,0
DA:15,0
DA:16,0
DA:17,0
DA:23,0
DA:24,0
DA:25,0
DA:26,0
DA:28,0
DA:29,0
DA:31,0
DA:32,0
DA:34,0
DA:37,0
DA:39,0
DA:43,0
DA:52,0
DA:57,0
DA:64,0
DA:69,0
DA:75,0
DA:81,0
DA:87,0
DA:98,0
DA:104,0
DA:116,0
DA:126,0
DA:133,0
DA:140,0
LF:33
LH:0
BRDA:19,0,0,0
BRDA:19,0,1,0
BRDA:31,1,0,0
BRDA:31,1,1,0
BRDA:106,2,0,0
BRDA:106,2,1,0
BRDA:112,3,0,0
BRDA:112,3,1,0
BRDA:147,4,0,0
BRDA:147,4,1,0
BRDA:201,5,0,0
BRDA:201,5,1,0
BRF:12
BRH:0
end_of_record
TN:
SF:src\components\Auth\RegisterForm.js
FN:4,(anonymous_0)
FN:20,(anonymous_1)
FN:22,(anonymous_2)
FN:28,(anonymous_3)
FN:40,(anonymous_4)
FNF:5
FNH:0
FNDA:0,(anonymous_0)
FNDA:0,(anonymous_1)
FNDA:0,(anonymous_2)
FNDA:0,(anonymous_3)
FNDA:0,(anonymous_4)
DA:4,0
DA:5,0
DA:15,0
DA:16,0
DA:18,0
DA:20,0
DA:21,0
DA:22,0
DA:28,0
DA:29,0
DA:30,0
DA:31,0
DA:32,0
DA:33,0
DA:34,0
DA:35,0
DA:37,0
DA:40,0
DA:41,0
DA:42,0
DA:43,0
DA:45,0
DA:46,0
DA:47,0
DA:48,0
DA:49,0
DA:52,0
DA:53,0
DA:62,0
DA:64,0
DA:65,0
DA:67,0
DA:70,0
DA:72,0
DA:76,0
DA:85,0
DA:90,0
DA:97,0
DA:102,0
DA:108,0
DA:114,0
DA:120,0
DA:126,0
DA:134,0
DA:139,0
DA:145,0
DA:151,0
DA:163,0
DA:173,0
DA:180,0
DA:187,0
LF:51
LH:0
BRDA:24,0,0,0
BRDA:24,0,1,0
BRDA:29,1,0,0
BRDA:29,1,1,0
BRDA:30,2,0,0
BRDA:30,2,1,0
BRDA:31,3,0,0
BRDA:31,3,1,0
BRDA:32,4,0,0
BRDA:32,4,1,0
BRDA:33,5,0,0
BRDA:33,5,1,0
BRDA:34,6,0,0
BRDA:34,6,1,0
BRDA:35,7,0,0
BRDA:35,7,1,0
BRDA:46,8,0,0
BRDA:46,8,1,0
BRDA:64,9,0,0
BRDA:64,9,1,0
BRDA:153,10,0,0
BRDA:153,10,1,0
BRDA:159,11,0,0
BRDA:159,11,1,0
BRDA:194,12,0,0
BRDA:194,12,1,0
BRDA:330,13,0,0
BRDA:330,13,1,0
BRF:28
BRH:0
end_of_record
TN:
SF:src\components\Beta\BetaFeedbackWidget.js
FN:3,(anonymous_0)
FN:14,(anonymous_1)
FN:50,(anonymous_2)
FN:51,(anonymous_3)
FN:76,(anonymous_4)
FN:95,(anonymous_5)
FN:158,(anonymous_6)
FN:192,(anonymous_7)
FN:203,(anonymous_8)
FN:223,(anonymous_9)
FN:249,(anonymous_10)
FN:275,(anonymous_11)
FN:306,(anonymous_12)
FN:333,(anonymous_13)
FN:353,(anonymous_14)
FNF:15
FNH:0
FNDA:0,(anonymous_0)
FNDA:0,(anonymous_1)
FNDA:0,(anonymous_2)
FNDA:0,(anonymous_3)
FNDA:0,(anonymous_4)
FNDA:0,(anonymous_5)
FNDA:0,(anonymous_6)
FNDA:0,(anonymous_7)
FNDA:0,(anonymous_8)
FNDA:0,(anonymous_9)
FNDA:0,(anonymous_10)
FNDA:0,(anonymous_11)
FNDA:0,(anonymous_12)
FNDA:0,(anonymous_13)
FNDA:0,(anonymous_14)
DA:3,0
DA:4,0
DA:5,0
DA:14,0
DA:15,0
DA:18,0
DA:19,0
DA:32,0
DA:33,0
DA:34,0
DA:35,0
DA:45,0
DA:46,0
DA:50,0
DA:51,0
DA:57,0
DA:76,0
DA:95,0
DA:158,0
DA:192,0
DA:204,0
DA:223,0
DA:249,0
DA:275,0
DA:306,0
DA:333,0
DA:353,0
LF:27
LH:0
BRDA:32,0,0,0
BRDA:32,0,1,0
BRDA:119,1,0,0
BRDA:119,1,1,0
BRDA:205,2,0,0
BRDA:205,2,1,0
BRDA:205,3,0,0
BRDA:205,3,1,0
BRDA:205,4,0,0
BRDA:205,4,1,0
BRF:10
BRH:0
end_of_record
TN:
SF:src\components\Chat\ChatSystem.js
FN:5,(anonymous_0)
FN:13,(anonymous_1)
FN:19,(anonymous_2)
FN:32,(anonymous_3)
FN:43,(anonymous_4)
FN:50,(anonymous_5)
FN:80,(anonymous_6)
FN:112,(anonymous_7)
FNF:8
FNH:0
FNDA:0,(anonymous_0)
FNDA:0,(anonymous_1)
FNDA:0,(anonymous_2)
FNDA:0,(anonymous_3)
FNDA:0,(anonymous_4)
FNDA:0,(anonymous_5)
FNDA:0,(anonymous_6)
FNDA:0,(anonymous_7)
DA:5,0
DA:6,0
DA:7,0
DA:8,0
DA:9,0
DA:10,0
DA:11,0
DA:13,0
DA:14,0
DA:17,0
DA:19,0
DA:20,0
DA:22,0
DA:32,0
DA:33,0
DA:36,0
DA:39,0
DA:43,0
DA:44,0
DA:45,0
DA:46,0
DA:50,0
DA:51,0
DA:57,0
DA:81,0
DA:112,0
LF:26
LH:0
BRDA:20,0,0,0
BRDA:20,0,1,0
BRDA:44,1,0,0
BRDA:44,1,1,0
BRDA:44,2,0,0
BRDA:44,2,1,0
BRDA:74,3,0,0
BRDA:74,3,1,0
BRDA:83,4,0,0
BRDA:83,4,1,0
BRDA:95,5,0,0
BRDA:95,5,1,0
BRF:12
BRH:0
end_of_record
TN:
SF:src\components\Common\LoadingSpinner.js
FN:3,(anonymous_0)
FNF:1
FNH:0
FNDA:0,(anonymous_0)
DA:3,0
DA:4,0
DA:10,0
LF:3
LH:0
BRDA:3,0,0,0
BRDA:3,1,0,0
BRF:2
BRH:0
end_of_record
TN:
SF:src\components\Favorites\PropertyFavorites.js
FN:5,(anonymous_0)
FN:12,(anonymous_1)
FN:18,(anonymous_2)
FN:23,(anonymous_3)
FN:36,(anonymous_4)
FN:45,(anonymous_5)
FN:48,(anonymous_6)
FN:80,(anonymous_7)
FN:86,(anonymous_8)
FN:93,(anonymous_9)
FN:94,(anonymous_10)
FN:101,(anonymous_11)
FN:110,(anonymous_12)
FN:115,(anonymous_13)
FN:117,(anonymous_14)
FN:119,(anonymous_15)
FN:121,(anonymous_16)
FN:127,(anonymous_17)
FN:139,(anonymous_18)
FN:148,(anonymous_19)
FN:180,(anonymous_20)
FN:186,(anonymous_21)
FN:194,(anonymous_22)
FN:228,(anonymous_23)
FN:234,(anonymous_24)
FN:243,(anonymous_25)
FN:262,(anonymous_26)
FNF:27
FNH:0
FNDA:0,(anonymous_0)
FNDA:0,(anonymous_1)
FNDA:0,(anonymous_2)
FNDA:0,(anonymous_3)
FNDA:0,(anonymous_4)
FNDA:0,(anonymous_5)
FNDA:0,(anonymous_6)
FNDA:0,(anonymous_7)
FNDA:0,(anonymous_8)
FNDA:0,(anonymous_9)
FNDA:0,(anonymous_10)
FNDA:0,(anonymous_11)
FNDA:0,(anonymous_12)
FNDA:0,(anonymous_13)
FNDA:0,(anonymous_14)
FNDA:0,(anonymous_15)
FNDA:0,(anonymous_16)
FNDA:0,(anonymous_17)
FNDA:0,(anonymous_18)
FNDA:0,(anonymous_19)
FNDA:0,(anonymous_20)
FNDA:0,(anonymous_21)
FNDA:0,(anonymous_22)
FNDA:0,(anonymous_23)
FNDA:0,(anonymous_24)
FNDA:0,(anonymous_25)
FNDA:0,(anonymous_26)
DA:5,0
DA:6,0
DA:7,0
DA:8,0
DA:9,0
DA:12,0
DA:13,0
DA:14,0
DA:15,0
DA:17,0
DA:18,0
DA:23,0
DA:24,0
DA:25,0
DA:27,0
DA:29,0
DA:30,0
DA:33,0
DA:35,0
DA:36,0
DA:39,0
DA:40,0
DA:41,0
DA:44,0
DA:45,0
DA:48,0
DA:49,0
DA:50,0
DA:51,0
DA:52,0
DA:56,0
DA:58,0
DA:80,0
DA:81,0
DA:82,0
DA:83,0
DA:84,0
DA:86,0
DA:87,0
DA:88,0
DA:89,0
DA:93,0
DA:94,0
DA:95,0
DA:96,0
DA:97,0
DA:101,0
DA:102,0
DA:103,0
DA:104,0
DA:105,0
DA:110,0
DA:111,0
DA:113,0
DA:115,0
DA:117,0
DA:119,0
DA:121,0
DA:123,0
DA:127,0
DA:128,0
DA:129,0
DA:131,0
DA:133,0
DA:134,0
DA:135,0
DA:136,0
DA:139,0
DA:140,0
DA:141,0
DA:148,0
DA:149,0
DA:151,0
DA:152,0
DA:156,0
DA:157,0
DA:168,0
DA:180,0
DA:186,0
DA:194,0
DA:229,0
DA:235,0
DA:243,0
DA:263,0
LF:84
LH:0
BRDA:5,0,0,0
BRDA:13,1,0,0
BRDA:13,1,1,0
BRDA:14,2,0,0
BRDA:14,2,1,0
BRDA:17,3,0,0
BRDA:17,3,1,0
BRDA:27,4,0,0
BRDA:27,4,1,0
BRDA:33,5,0,0
BRDA:33,5,1,0
BRDA:35,6,0,0
BRDA:35,6,1,0
BRDA:49,7,0,0
BRDA:49,7,1,0
BRDA:49,7,2,0
BRDA:56,8,0,0
BRDA:56,8,1,0
BRDA:61,9,0,0
BRDA:61,9,1,0
BRDA:63,10,0,0
BRDA:63,10,1,0
BRDA:66,11,0,0
BRDA:66,11,1,0
BRDA:70,12,0,0
BRDA:70,12,1,0
BRDA:71,13,0,0
BRDA:71,13,1,0
BRDA:72,14,0,0
BRDA:72,14,1,0
BRDA:87,15,0,0
BRDA:87,15,1,0
BRDA:88,16,0,0
BRDA:88,16,1,0
BRDA:96,17,0,0
BRDA:96,17,1,0
BRDA:102,18,0,0
BRDA:102,18,1,0
BRDA:104,19,0,0
BRDA:104,19,1,0
BRDA:113,20,0,0
BRDA:113,20,1,0
BRDA:113,20,2,0
BRDA:113,20,3,0
BRDA:113,20,4,0
BRDA:140,21,0,0
BRDA:140,21,1,0
BRDA:140,22,0,0
BRDA:140,22,1,0
BRDA:156,23,0,0
BRDA:156,23,1,0
BRDA:179,24,0,0
BRDA:179,24,1,0
BRDA:185,25,0,0
BRDA:185,25,1,0
BRDA:203,26,0,0
BRDA:203,26,1,0
BRDA:219,27,0,0
BRDA:219,27,1,0
BRDA:232,28,0,0
BRDA:232,28,1,0
BRDA:254,29,0,0
BRDA:254,29,1,0
BRDA:255,30,0,0
BRDA:255,30,1,0
BRDA:256,31,0,0
BRDA:256,31,1,0
BRDA:260,32,0,0
BRDA:260,32,1,0
BRDA:260,32,2,0
BRDA:267,33,0,0
BRDA:267,33,1,0
BRF:72
BRH:0
end_of_record
TN:
SF:src\components\Financial\AdvancedFinancialTools.js
FN:4,(anonymous_0)
FN:22,(anonymous_1)
FN:23,(anonymous_2)
FN:131,(anonymous_3)
FN:184,(anonymous_4)
FN:187,(anonymous_5)
FN:203,(anonymous_6)
FNF:7
FNH:0
FNDA:0,(anonymous_0)
FNDA:0,(anonymous_1)
FNDA:0,(anonymous_2)
FNDA:0,(anonymous_3)
FNDA:0,(anonymous_4)
FNDA:0,(anonymous_5)
FNDA:0,(anonymous_6)
DA:4,0
DA:5,0
DA:6,0
DA:12,0
DA:14,0
DA:22,0
DA:23,0
DA:24,0
DA:25,0
DA:28,0
DA:30,0
DA:31,0
DA:34,0
DA:62,0
DA:65,0
DA:92,0
DA:96,0
DA:99,0
DA:106,0
DA:111,0
DA:118,0
DA:123,0
DA:131,0
DA:144,0
DA:149,0
DA:155,0
DA:163,0
DA:170,0
DA:176,0
DA:185,0
DA:187,0
DA:204,0
LF:32
LH:0
BRDA:30,0,0,0
BRDA:30,0,1,0
BRDA:30,1,0,0
BRDA:30,1,1,0
BRDA:36,2,0,0
BRDA:36,2,1,0
BRDA:37,3,0,0
BRDA:37,3,1,0
BRDA:38,4,0,0
BRDA:38,4,1,0
BRDA:39,5,0,0
BRDA:39,5,1,0
BRDA:42,6,0,0
BRDA:42,6,1,0
BRDA:43,7,0,0
BRDA:43,7,1,0
BRDA:44,8,0,0
BRDA:44,8,1,0
BRDA:45,9,0,0
BRDA:45,9,1,0
BRDA:48,10,0,0
BRDA:48,10,1,0
BRDA:49,11,0,0
BRDA:49,11,1,0
BRDA:50,12,0,0
BRDA:50,12,1,0
BRDA:51,13,0,0
BRDA:51,13,1,0
BRDA:54,14,0,0
BRDA:54,14,1,0
BRDA:55,15,0,0
BRDA:55,15,1,0
BRDA:56,16,0,0
BRDA:56,16,1,0
BRDA:57,17,0,0
BRDA:57,17,1,0
BRDA:136,18,0,0
BRDA:136,18,1,0
BRDA:140,19,0,0
BRDA:140,19,1,0
BRDA:141,20,0,0
BRDA:141,20,1,0
BRDA:197,21,0,0
BRDA:197,21,1,0
BRF:44
BRH:0
end_of_record
TN:
SF:src\components\Financial\PaymentFinancialSystem.js
FN:4,(anonymous_0)
FN:131,(anonymous_1)
FN:136,(anonymous_2)
FN:139,(anonymous_3)
FN:151,(anonymous_4)
FN:159,(anonymous_5)
FN:163,(anonymous_6)
FN:167,(anonymous_7)
FN:178,(anonymous_8)
FN:224,(anonymous_9)
FN:263,(anonymous_10)
FN:291,(anonymous_11)
FN:317,(anonymous_12)
FN:325,(anonymous_13)
FN:329,(anonymous_14)
FN:344,(anonymous_15)
FN:348,(anonymous_16)
FN:412,(anonymous_17)
FN:430,(anonymous_18)
FN:453,(anonymous_19)
FN:486,(anonymous_20)
FN:533,(anonymous_21)
FN:537,(anonymous_22)
FNF:23
FNH:0
FNDA:0,(anonymous_0)
FNDA:0,(anonymous_1)
FNDA:0,(anonymous_2)
FNDA:0,(anonymous_3)
FNDA:0,(anonymous_4)
FNDA:0,(anonymous_5)
FNDA:0,(anonymous_6)
FNDA:0,(anonymous_7)
FNDA:0,(anonymous_8)
FNDA:0,(anonymous_9)
FNDA:0,(anonymous_10)
FNDA:0,(anonymous_11)
FNDA:0,(anonymous_12)
FNDA:0,(anonymous_13)
FNDA:0,(anonymous_14)
FNDA:0,(anonymous_15)
FNDA:0,(anonymous_16)
FNDA:0,(anonymous_17)
FNDA:0,(anonymous_18)
FNDA:0,(anonymous_19)
FNDA:0,(anonymous_20)
FNDA:0,(anonymous_21)
FNDA:0,(anonymous_22)
DA:4,0
DA:5,0
DA:6,0
DA:7,0
DA:8,0
DA:9,0
DA:10,0
DA:13,0
DA:131,0
DA:132,0
DA:136,0
DA:137,0
DA:138,0
DA:139,0
DA:140,0
DA:141,0
DA:142,0
DA:143,0
DA:145,0
DA:147,0
DA:151,0
DA:152,0
DA:159,0
DA:160,0
DA:163,0
DA:164,0
DA:167,0
DA:168,0
DA:169,0
DA:170,0
DA:171,0
DA:172,0
DA:173,0
DA:174,0
DA:178,0
DA:179,0
DA:225,0
DA:264,0
DA:292,0
DA:317,0
DA:318,0
DA:326,0
DA:327,0
DA:329,0
DA:345,0
DA:346,0
DA:348,0
DA:413,0
DA:430,0
DA:431,0
DA:454,0
DA:487,0
DA:511,0
DA:517,0
DA:534,0
DA:537,0
LF:56
LH:0
BRDA:168,0,0,0
BRDA:168,0,1,0
BRDA:168,0,2,0
BRDA:168,0,3,0
BRDA:168,0,4,0
BRDA:168,0,5,0
BRDA:325,1,0,0
BRDA:325,1,1,0
BRDA:326,2,0,0
BRDA:326,2,1,0
BRDA:344,3,0,0
BRDA:344,3,1,0
BRDA:345,4,0,0
BRDA:345,4,1,0
BRDA:412,5,0,0
BRDA:412,5,1,0
BRDA:416,6,0,0
BRDA:416,6,1,0
BRDA:416,7,0,0
BRDA:416,7,1,0
BRDA:416,7,2,0
BRDA:416,7,3,0
BRDA:418,8,0,0
BRDA:418,8,1,0
BRDA:490,9,0,0
BRDA:490,9,1,0
BRDA:491,10,0,0
BRDA:491,10,1,0
BRDA:491,11,0,0
BRDA:491,11,1,0
BRDA:536,12,0,0
BRDA:536,12,1,0
BRDA:545,13,0,0
BRDA:545,13,1,0
BRDA:552,14,0,0
BRDA:552,14,1,0
BRDA:553,15,0,0
BRDA:553,15,1,0
BRDA:554,16,0,0
BRDA:554,16,1,0
BRF:40
BRH:0
end_of_record
TN:
SF:src\components\Financial\PaymentGatewayIntegration.js
FN:4,(anonymous_0)
FN:8,(anonymous_1)
FN:19,(anonymous_2)
FN:45,(anonymous_3)
FN:83,(anonymous_4)
FN:103,(anonymous_5)
FN:152,(anonymous_6)
FN:188,(anonymous_7)
FN:217,(anonymous_8)
FN:221,(anonymous_9)
FNF:10
FNH:0
FNDA:0,(anonymous_0)
FNDA:0,(anonymous_1)
FNDA:0,(anonymous_2)
FNDA:0,(anonymous_3)
FNDA:0,(anonymous_4)
FNDA:0,(anonymous_5)
FNDA:0,(anonymous_6)
FNDA:0,(anonymous_7)
FNDA:0,(anonymous_8)
FNDA:0,(anonymous_9)
DA:4,0
DA:5,0
DA:6,0
DA:8,0
DA:10,0
DA:19,0
DA:20,0
DA:21,0
DA:24,0
DA:31,0
DA:32,0
DA:35,0
DA:38,0
DA:46,0
DA:48,0
DA:55,0
DA:56,0
DA:63,0
DA:66,0
DA:67,0
DA:84,0
DA:85,0
DA:91,0
DA:92,0
DA:95,0
DA:96,0
DA:98,0
DA:103,0
DA:104,0
DA:105,0
DA:109,0
DA:112,0
DA:113,0
DA:117,0
DA:126,0
DA:131,0
DA:138,0
DA:145,0
DA:152,0
DA:167,0
DA:172,0
DA:178,0
DA:188,0
DA:189,0
DA:191,0
DA:193,0
DA:194,0
DA:196,0
DA:197,0
DA:199,0
DA:200,0
DA:202,0
DA:203,0
DA:205,0
DA:209,0
DA:218,0
DA:221,0
LF:57
LH:0
BRDA:31,0,0,0
BRDA:31,0,1,0
BRDA:32,1,0,0
BRDA:32,1,1,0
BRDA:39,2,0,0
BRDA:39,2,1,0
BRDA:55,3,0,0
BRDA:55,3,1,0
BRDA:67,4,0,0
BRDA:67,4,1,0
BRDA:96,5,0,0
BRDA:96,5,1,0
BRDA:112,6,0,0
BRDA:112,6,1,0
BRDA:156,7,0,0
BRDA:156,7,1,0
BRDA:158,8,0,0
BRDA:158,8,1,0
BRDA:159,9,0,0
BRDA:159,9,1,0
BRDA:161,10,0,0
BRDA:161,10,1,0
BRDA:189,11,0,0
BRDA:189,11,1,0
BRDA:191,12,0,0
BRDA:191,12,1,0
BRDA:191,12,2,0
BRDA:191,12,3,0
BRDA:191,12,4,0
BRDA:220,13,0,0
BRDA:220,13,1,0
BRDA:229,14,0,0
BRDA:229,14,1,0
BRF:33
BRH:0
end_of_record
TN:
SF:src\components\Home\Features.js
FN:3,(anonymous_0)
FN:74,(anonymous_1)
FNF:2
FNH:0
FNDA:0,(anonymous_0)
FNDA:0,(anonymous_1)
DA:3,0
DA:4,0
DA:61,0
DA:75,0
LF:4
LH:0
BRF:0
BRH:0
end_of_record
TN:
SF:src\components\Home\Hero.js
FN:6,(anonymous_0)
FN:14,(anonymous_1)
FN:24,(anonymous_2)
FN:110,(anonymous_3)
FNF:4
FNH:0
FNDA:0,(anonymous_0)
FNDA:0,(anonymous_1)
FNDA:0,(anonymous_2)
FNDA:0,(anonymous_3)
DA:6,0
DA:7,0
DA:8,0
DA:9,0
DA:14,0
DA:15,0
DA:17,0
DA:20,0
DA:24,0
DA:25,0
DA:28,0
DA:112,0
LF:12
LH:0
BRDA:15,0,0,0
BRDA:15,0,1,0
BRF:2
BRH:0
end_of_record
TN:
SF:src\components\Home\Testimonials.js
FN:3,(anonymous_0)
FN:6,(anonymous_1)
FN:7,(anonymous_2)
FN:38,(anonymous_3)
FNF:4
FNH:0
FNDA:0,(anonymous_0)
FNDA:0,(anonymous_1)
FNDA:0,(anonymous_2)
FNDA:0,(anonymous_3)
DA:3,0
DA:6,0
DA:7,0
DA:8,0
DA:21,0
DA:39,0
LF:6
LH:0
BRDA:3,0,0,0
BRDA:11,1,0,0
BRDA:11,1,1,0
BRDA:34,2,0,0
BRDA:34,2,1,0
BRDA:60,3,0,0
BRDA:60,3,1,0
BRF:7
BRH:0
end_of_record
TN:
SF:src\components\Integration\AutomationBuilder.js
FN:4,(anonymous_0)
FN:239,(anonymous_1)
FN:243,(anonymous_2)
FN:247,(anonymous_3)
FN:248,(anonymous_4)
FN:251,(anonymous_5)
FN:259,(anonymous_6)
FN:265,(anonymous_7)
FN:266,(anonymous_8)
FN:268,(anonymous_9)
FN:274,(anonymous_10)
FN:275,(anonymous_11)
FN:277,(anonymous_12)
FN:281,(anonymous_13)
FN:288,(anonymous_14)
FN:294,(anonymous_15)
FN:295,(anonymous_16)
FN:297,(anonymous_17)
FN:305,(anonymous_18)
FN:306,(anonymous_19)
FN:308,(anonymous_20)
FN:312,(anonymous_21)
FN:314,(anonymous_22)
FN:322,(anonymous_23)
FN:326,(anonymous_24)
FN:329,(anonymous_25)
FN:335,(anonymous_26)
FN:341,(anonymous_27)
FN:344,(anonymous_28)
FN:369,(anonymous_29)
FN:381,(anonymous_30)
FN:381,(anonymous_31)
FN:389,(anonymous_32)
FN:389,(anonymous_33)
FN:398,(anonymous_34)
FN:398,(anonymous_35)
FN:411,(anonymous_36)
FN:415,(anonymous_37)
FN:423,(anonymous_38)
FN:427,(anonymous_39)
FN:435,(anonymous_40)
FN:457,(anonymous_41)
FN:463,(anonymous_42)
FN:474,(anonymous_43)
FN:477,(anonymous_44)
FN:484,(anonymous_45)
FN:489,(anonymous_46)
FN:490,(anonymous_47)
FN:499,(anonymous_48)
FN:504,(anonymous_49)
FN:528,(anonymous_50)
FN:532,(anonymous_51)
FN:540,(anonymous_52)
FN:544,(anonymous_53)
FN:565,(anonymous_54)
FN:576,(anonymous_55)
FN:583,(anonymous_56)
FN:590,(anonymous_57)
FN:598,(anonymous_58)
FN:604,(anonymous_59)
FN:607,(anonymous_60)
FN:614,(anonymous_61)
FN:622,(anonymous_62)
FN:630,(anonymous_63)
FN:656,(anonymous_64)
FN:656,(anonymous_65)
FN:675,(anonymous_66)
FN:675,(anonymous_67)
FN:682,(anonymous_68)
FN:682,(anonymous_69)
FN:701,(anonymous_70)
FN:701,(anonymous_71)
FN:712,(anonymous_72)
FN:717,(anonymous_73)
FN:721,(anonymous_74)
FN:722,(anonymous_75)
FN:739,(anonymous_76)
FN:739,(anonymous_77)
FN:781,(anonymous_78)
FN:792,(anonymous_79)
FN:825,(anonymous_80)
FN:849,(anonymous_81)
FNF:82
FNH:0
FNDA:0,(anonymous_0)
FNDA:0,(anonymous_1)
FNDA:0,(anonymous_2)
FNDA:0,(anonymous_3)
FNDA:0,(anonymous_4)
FNDA:0,(anonymous_5)
FNDA:0,(anonymous_6)
FNDA:0,(anonymous_7)
FNDA:0,(anonymous_8)
FNDA:0,(anonymous_9)
FNDA:0,(anonymous_10)
FNDA:0,(anonymous_11)
FNDA:0,(anonymous_12)
FNDA:0,(anonymous_13)
FNDA:0,(anonymous_14)
FNDA:0,(anonymous_15)
FNDA:0,(anonymous_16)
FNDA:0,(anonymous_17)
FNDA:0,(anonymous_18)
FNDA:0,(anonymous_19)
FNDA:0,(anonymous_20)
FNDA:0,(anonymous_21)
FNDA:0,(anonymous_22)
FNDA:0,(anonymous_23)
FNDA:0,(anonymous_24)
FNDA:0,(anonymous_25)
FNDA:0,(anonymous_26)
FNDA:0,(anonymous_27)
FNDA:0,(anonymous_28)
FNDA:0,(anonymous_29)
FNDA:0,(anonymous_30)
FNDA:0,(anonymous_31)
FNDA:0,(anonymous_32)
FNDA:0,(anonymous_33)
FNDA:0,(anonymous_34)
FNDA:0,(anonymous_35)
FNDA:0,(anonymous_36)
FNDA:0,(anonymous_37)
FNDA:0,(anonymous_38)
FNDA:0,(anonymous_39)
FNDA:0,(anonymous_40)
FNDA:0,(anonymous_41)
FNDA:0,(anonymous_42)
FNDA:0,(anonymous_43)
FNDA:0,(anonymous_44)
FNDA:0,(anonymous_45)
FNDA:0,(anonymous_46)
FNDA:0,(anonymous_47)
FNDA:0,(anonymous_48)
FNDA:0,(anonymous_49)
FNDA:0,(anonymous_50)
FNDA:0,(anonymous_51)
FNDA:0,(anonymous_52)
FNDA:0,(anonymous_53)
FNDA:0,(anonymous_54)
FNDA:0,(anonymous_55)
FNDA:0,(anonymous_56)
FNDA:0,(anonymous_57)
FNDA:0,(anonymous_58)
FNDA:0,(anonymous_59)
FNDA:0,(anonymous_60)
FNDA:0,(anonymous_61)
FNDA:0,(anonymous_62)
FNDA:0,(anonymous_63)
FNDA:0,(anonymous_64)
FNDA:0,(anonymous_65)
FNDA:0,(anonymous_66)
FNDA:0,(anonymous_67)
FNDA:0,(anonymous_68)
FNDA:0,(anonymous_69)
FNDA:0,(anonymous_70)
FNDA:0,(anonymous_71)
FNDA:0,(anonymous_72)
FNDA:0,(anonymous_73)
FNDA:0,(anonymous_74)
FNDA:0,(anonymous_75)
FNDA:0,(anonymous_76)
FNDA:0,(anonymous_77)
FNDA:0,(anonymous_78)
FNDA:0,(anonymous_79)
FNDA:0,(anonymous_80)
FNDA:0,(anonymous_81)
DA:4,0
DA:5,0
DA:6,0
DA:16,0
DA:75,0
DA:177,0
DA:205,0
DA:216,0
DA:227,0
DA:228,0
DA:230,0
DA:239,0
DA:240,0
DA:243,0
DA:244,0
DA:247,0
DA:248,0
DA:251,0
DA:252,0
DA:259,0
DA:265,0
DA:266,0
DA:269,0
DA:274,0
DA:275,0
DA:277,0
DA:281,0
DA:282,0
DA:288,0
DA:294,0
DA:295,0
DA:298,0
DA:305,0
DA:306,0
DA:308,0
DA:312,0
DA:313,0
DA:314,0
DA:316,0
DA:317,0
DA:318,0
DA:319,0
DA:322,0
DA:323,0
DA:326,0
DA:329,0
DA:330,0
DA:331,0
DA:335,0
DA:336,0
DA:337,0
DA:341,0
DA:342,0
DA:344,0
DA:346,0
DA:349,0
DA:352,0
DA:362,0
DA:364,0
DA:365,0
DA:369,0
DA:370,0
DA:372,0
DA:381,0
DA:389,0
DA:398,0
DA:407,0
DA:412,0
DA:415,0
DA:424,0
DA:427,0
DA:436,0
DA:446,0
DA:458,0
DA:463,0
DA:474,0
DA:478,0
DA:484,0
DA:489,0
DA:491,0
DA:499,0
DA:504,0
DA:521,0
DA:529,0
DA:532,0
DA:541,0
DA:544,0
DA:566,0
DA:576,0
DA:583,0
DA:590,0
DA:599,0
DA:604,0
DA:608,0
DA:614,0
DA:622,0
DA:630,0
DA:648,0
DA:656,0
DA:675,0
DA:682,0
DA:701,0
DA:713,0
DA:718,0
DA:719,0
DA:721,0
DA:722,0
DA:739,0
DA:752,0
DA:782,0
DA:793,0
DA:821,0
DA:825,0
DA:826,0
DA:828,0
DA:830,0
DA:832,0
DA:834,0
DA:836,0
DA:838,0
DA:840,0
DA:844,0
DA:850,0
LF:123
LH:0
BRDA:240,0,0,0
BRDA:240,0,1,0
BRDA:244,1,0,0
BRDA:244,1,1,0
BRDA:269,2,0,0
BRDA:269,2,1,0
BRDA:298,3,0,0
BRDA:298,3,1,0
BRDA:316,4,0,0
BRDA:316,4,1,0
BRDA:316,5,0,0
BRDA:316,5,1,0
BRDA:318,6,0,0
BRDA:318,6,1,0
BRDA:318,7,0,0
BRDA:318,7,1,0
BRDA:330,8,0,0
BRDA:330,8,1,0
BRDA:336,9,0,0
BRDA:336,9,1,0
BRDA:370,10,0,0
BRDA:370,10,1,0
BRDA:370,10,2,0
BRDA:370,10,3,0
BRDA:370,10,4,0
BRDA:370,10,5,0
BRDA:370,10,6,0
BRDA:414,11,0,0
BRDA:414,11,1,0
BRDA:426,12,0,0
BRDA:426,12,1,0
BRDA:451,13,0,0
BRDA:451,13,1,0
BRDA:459,14,0,0
BRDA:459,14,1,0
BRDA:488,15,0,0
BRDA:488,15,1,0
BRDA:531,16,0,0
BRDA:531,16,1,0
BRDA:559,17,0,0
BRDA:559,17,1,0
BRDA:601,18,0,0
BRDA:601,18,1,0
BRDA:603,19,0,0
BRDA:603,19,1,0
BRDA:611,20,0,0
BRDA:611,20,1,0
BRDA:613,21,0,0
BRDA:613,21,1,0
BRDA:617,22,0,0
BRDA:617,22,1,0
BRDA:621,23,0,0
BRDA:621,23,1,0
BRDA:629,24,0,0
BRDA:629,24,1,0
BRDA:633,25,0,0
BRDA:633,25,1,0
BRDA:655,26,0,0
BRDA:655,26,1,0
BRDA:667,27,0,0
BRDA:667,27,1,0
BRDA:674,28,0,0
BRDA:674,28,1,0
BRDA:681,29,0,0
BRDA:681,29,1,0
BRDA:695,30,0,0
BRDA:695,30,1,0
BRDA:700,31,0,0
BRDA:700,31,1,0
BRDA:716,32,0,0
BRDA:716,32,1,0
BRDA:718,33,0,0
BRDA:718,33,1,0
BRDA:719,34,0,0
BRDA:719,34,1,0
BRDA:738,35,0,0
BRDA:738,35,1,0
BRDA:760,36,0,0
BRDA:760,36,1,0
BRDA:765,37,0,0
BRDA:765,37,1,0
BRDA:778,38,0,0
BRDA:778,38,1,0
BRDA:783,39,0,0
BRDA:783,39,1,0
BRDA:801,40,0,0
BRDA:801,40,1,0
BRDA:805,41,0,0
BRDA:805,41,1,0
BRDA:808,42,0,0
BRDA:808,42,1,0
BRDA:811,43,0,0
BRDA:811,43,1,0
BRDA:811,43,2,0
BRDA:826,44,0,0
BRDA:826,44,1,0
BRDA:826,44,2,0
BRDA:826,44,3,0
BRDA:826,44,4,0
BRDA:826,44,5,0
BRDA:826,44,6,0
BRDA:853,45,0,0
BRDA:853,45,1,0
BRDA:855,46,0,0
BRDA:855,46,1,0
BRDA:888,47,0,0
BRDA:888,47,1,0
BRF:107
BRH:0
end_of_record
TN:
SF:src\components\Integration\IntegrationHub.js
FN:4,(anonymous_0)
FN:244,(anonymous_1)
FN:248,(anonymous_2)
FN:251,(anonymous_3)
FN:254,(anonymous_4)
FN:265,(anonymous_5)
FN:269,(anonymous_6)
FN:281,(anonymous_7)
FN:295,(anonymous_8)
FN:299,(anonymous_9)
FN:301,(anonymous_10)
FN:310,(anonymous_11)
FN:319,(anonymous_12)
FN:324,(anonymous_13)
FN:326,(anonymous_14)
FN:335,(anonymous_15)
FN:335,(anonymous_16)
FN:344,(anonymous_17)
FN:345,(anonymous_18)
FN:348,(anonymous_19)
FN:350,(anonymous_20)
FN:358,(anonymous_21)
FN:361,(anonymous_22)
FN:365,(anonymous_23)
FN:366,(anonymous_24)
FN:370,(anonymous_25)
FN:371,(anonymous_26)
FN:375,(anonymous_27)
FN:375,(anonymous_28)
FN:385,(anonymous_29)
FN:390,(anonymous_30)
FN:392,(anonymous_31)
FN:410,(anonymous_32)
FN:435,(anonymous_33)
FN:447,(anonymous_34)
FN:455,(anonymous_35)
FN:467,(anonymous_36)
FN:469,(anonymous_37)
FN:481,(anonymous_38)
FN:498,(anonymous_39)
FN:531,(anonymous_40)
FN:533,(anonymous_41)
FN:551,(anonymous_42)
FN:600,(anonymous_43)
FN:606,(anonymous_44)
FN:612,(anonymous_45)
FN:620,(anonymous_46)
FN:624,(anonymous_47)
FNF:48
FNH:0
FNDA:0,(anonymous_0)
FNDA:0,(anonymous_1)
FNDA:0,(anonymous_2)
FNDA:0,(anonymous_3)
FNDA:0,(anonymous_4)
FNDA:0,(anonymous_5)
FNDA:0,(anonymous_6)
FNDA:0,(anonymous_7)
FNDA:0,(anonymous_8)
FNDA:0,(anonymous_9)
FNDA:0,(anonymous_10)
FNDA:0,(anonymous_11)
FNDA:0,(anonymous_12)
FNDA:0,(anonymous_13)
FNDA:0,(anonymous_14)
FNDA:0,(anonymous_15)
FNDA:0,(anonymous_16)
FNDA:0,(anonymous_17)
FNDA:0,(anonymous_18)
FNDA:0,(anonymous_19)
FNDA:0,(anonymous_20)
FNDA:0,(anonymous_21)
FNDA:0,(anonymous_22)
FNDA:0,(anonymous_23)
FNDA:0,(anonymous_24)
FNDA:0,(anonymous_25)
FNDA:0,(anonymous_26)
FNDA:0,(anonymous_27)
FNDA:0,(anonymous_28)
FNDA:0,(anonymous_29)
FNDA:0,(anonymous_30)
FNDA:0,(anonymous_31)
FNDA:0,(anonymous_32)
FNDA:0,(anonymous_33)
FNDA:0,(anonymous_34)
FNDA:0,(anonymous_35)
FNDA:0,(anonymous_36)
FNDA:0,(anonymous_37)
FNDA:0,(anonymous_38)
FNDA:0,(anonymous_39)
FNDA:0,(anonymous_40)
FNDA:0,(anonymous_41)
FNDA:0,(anonymous_42)
FNDA:0,(anonymous_43)
FNDA:0,(anonymous_44)
FNDA:0,(anonymous_45)
FNDA:0,(anonymous_46)
FNDA:0,(anonymous_47)
DA:4,0
DA:5,0
DA:6,0
DA:7,0
DA:8,0
DA:9,0
DA:10,0
DA:11,0
DA:14,0
DA:230,0
DA:241,0
DA:242,0
DA:244,0
DA:245,0
DA:248,0
DA:249,0
DA:250,0
DA:251,0
DA:252,0
DA:253,0
DA:254,0
DA:256,0
DA:257,0
DA:259,0
DA:261,0
DA:265,0
DA:266,0
DA:269,0
DA:270,0
DA:271,0
DA:272,0
DA:273,0
DA:274,0
DA:275,0
DA:276,0
DA:277,0
DA:281,0
DA:282,0
DA:283,0
DA:284,0
DA:285,0
DA:286,0
DA:287,0
DA:289,0
DA:290,0
DA:291,0
DA:292,0
DA:295,0
DA:296,0
DA:297,0
DA:299,0
DA:301,0
DA:310,0
DA:311,0
DA:313,0
DA:315,0
DA:319,0
DA:320,0
DA:322,0
DA:323,0
DA:324,0
DA:326,0
DA:335,0
DA:336,0
DA:338,0
DA:340,0
DA:344,0
DA:345,0
DA:347,0
DA:348,0
DA:350,0
DA:358,0
DA:359,0
DA:361,0
DA:362,0
DA:365,0
DA:366,0
DA:370,0
DA:371,0
DA:372,0
DA:374,0
DA:375,0
DA:376,0
DA:379,0
DA:381,0
DA:385,0
DA:387,0
DA:390,0
DA:391,0
DA:393,0
DA:411,0
DA:435,0
DA:447,0
DA:455,0
DA:467,0
DA:468,0
DA:470,0
DA:481,0
DA:499,0
DA:531,0
DA:532,0
DA:534,0
DA:552,0
DA:582,0
DA:600,0
DA:606,0
DA:612,0
DA:621,0
DA:624,0
LF:109
LH:0
BRDA:266,0,0,0
BRDA:266,0,1,0
BRDA:270,1,0,0
BRDA:270,1,1,0
BRDA:270,1,2,0
BRDA:270,1,3,0
BRDA:270,1,4,0
BRDA:270,1,5,0
BRDA:270,1,6,0
BRDA:282,2,0,0
BRDA:282,2,1,0
BRDA:289,3,0,0
BRDA:289,3,1,0
BRDA:290,4,0,0
BRDA:290,4,1,0
BRDA:291,5,0,0
BRDA:291,5,1,0
BRDA:320,6,0,0
BRDA:320,6,1,0
BRDA:372,7,0,0
BRDA:372,7,1,0
BRDA:376,8,0,0
BRDA:376,8,1,0
BRDA:385,9,0,0
BRDA:431,10,0,0
BRDA:431,10,1,0
BRDA:438,11,0,0
BRDA:438,11,1,0
BRDA:458,12,0,0
BRDA:458,12,1,0
BRDA:599,13,0,0
BRDA:599,13,1,0
BRDA:605,14,0,0
BRDA:605,14,1,0
BRDA:611,15,0,0
BRDA:611,15,1,0
BRDA:618,16,0,0
BRDA:618,16,1,0
BRDA:623,17,0,0
BRDA:623,17,1,0
BRDA:634,18,0,0
BRDA:634,18,1,0
BRDA:641,19,0,0
BRDA:641,19,1,0
BRDA:642,20,0,0
BRDA:642,20,1,0
BRDA:643,21,0,0
BRDA:643,21,1,0
BRF:48
BRH:0
end_of_record
TN:
SF:src\components\Integration\IntegrationManager.js
FN:8,(anonymous_0)
FN:22,(anonymous_1)
FN:27,(anonymous_2)
FN:34,(anonymous_3)
FN:40,(anonymous_4)
FN:64,(anonymous_5)
FN:67,(anonymous_6)
FN:83,(anonymous_7)
FN:92,(anonymous_8)
FN:95,(anonymous_9)
FN:97,(anonymous_10)
FN:108,(anonymous_11)
FN:117,(anonymous_12)
FN:146,(anonymous_13)
FN:151,(anonymous_14)
FN:153,(anonymous_15)
FN:164,(anonymous_16)
FN:313,(anonymous_17)
FN:344,(anonymous_18)
FN:350,(anonymous_19)
FN:356,(anonymous_20)
FNF:21
FNH:0
FNDA:0,(anonymous_0)
FNDA:0,(anonymous_1)
FNDA:0,(anonymous_2)
FNDA:0,(anonymous_3)
FNDA:0,(anonymous_4)
FNDA:0,(anonymous_5)
FNDA:0,(anonymous_6)
FNDA:0,(anonymous_7)
FNDA:0,(anonymous_8)
FNDA:0,(anonymous_9)
FNDA:0,(anonymous_10)
FNDA:0,(anonymous_11)
FNDA:0,(anonymous_12)
FNDA:0,(anonymous_13)
FNDA:0,(anonymous_14)
FNDA:0,(anonymous_15)
FNDA:0,(anonymous_16)
FNDA:0,(anonymous_17)
FNDA:0,(anonymous_18)
FNDA:0,(anonymous_19)
FNDA:0,(anonymous_20)
DA:8,0
DA:9,0
DA:10,0
DA:11,0
DA:12,0
DA:13,0
DA:22,0
DA:24,0
DA:27,0
DA:28,0
DA:31,0
DA:32,0
DA:34,0
DA:35,0
DA:36,0
DA:40,0
DA:41,0
DA:43,0
DA:44,0
DA:45,0
DA:46,0
DA:50,0
DA:51,0
DA:52,0
DA:53,0
DA:57,0
DA:60,0
DA:64,0
DA:66,0
DA:67,0
DA:68,0
DA:69,0
DA:70,0
DA:79,0
DA:83,0
DA:84,0
DA:87,0
DA:88,0
DA:92,0
DA:93,0
DA:95,0
DA:97,0
DA:102,0
DA:104,0
DA:108,0
DA:109,0
DA:110,0
DA:113,0
DA:117,0
DA:118,0
DA:119,0
DA:127,0
DA:131,0
DA:132,0
DA:133,0
DA:134,0
DA:135,0
DA:136,0
DA:137,0
DA:138,0
DA:140,0
DA:142,0
DA:146,0
DA:147,0
DA:148,0
DA:151,0
DA:153,0
DA:158,0
DA:160,0
DA:164,0
DA:165,0
DA:313,0
DA:314,0
DA:316,0
DA:318,0
DA:320,0
DA:322,0
DA:326,0
DA:344,0
DA:350,0
DA:356,0
LF:81
LH:0
BRDA:28,0,0,0
BRDA:28,0,1,0
BRDA:43,1,0,0
BRDA:43,1,1,0
BRDA:50,2,0,0
BRDA:50,2,1,0
BRDA:66,3,0,0
BRDA:66,3,1,0
BRDA:69,4,0,0
BRDA:69,4,1,0
BRDA:87,5,0,0
BRDA:87,5,1,0
BRDA:87,6,0,0
BRDA:87,6,1,0
BRDA:108,7,0,0
BRDA:109,8,0,0
BRDA:109,8,1,0
BRDA:109,9,0,0
BRDA:109,9,1,0
BRDA:212,10,0,0
BRDA:212,10,1,0
BRDA:216,11,0,0
BRDA:216,11,1,0
BRDA:223,12,0,0
BRDA:223,12,1,0
BRDA:227,13,0,0
BRDA:227,13,1,0
BRDA:238,14,0,0
BRDA:238,14,1,0
BRDA:314,15,0,0
BRDA:314,15,1,0
BRDA:314,15,2,0
BRDA:314,15,3,0
BRDA:343,16,0,0
BRDA:343,16,1,0
BRDA:349,17,0,0
BRDA:349,17,1,0
BRDA:355,18,0,0
BRDA:355,18,1,0
BRF:39
BRH:0
end_of_record
TN:
SF:src\components\Layout\Footer.js
FN:4,(anonymous_0)
FNF:1
FNH:0
FNDA:0,(anonymous_0)
DA:4,0
DA:5,0
DA:7,0
LF:3
LH:0
BRF:0
BRH:0
end_of_record
TN:
SF:src\components\Layout\Navbar.js
FN:6,(anonymous_0)
FN:26,(anonymous_1)
FN:30,(anonymous_2)
FN:35,(anonymous_3)
FN:43,(anonymous_4)
FN:71,(anonymous_5)
FN:89,(anonymous_6)
FN:111,(anonymous_7)
FN:160,(anonymous_8)
FN:166,(anonymous_9)
FN:178,(anonymous_10)
FN:201,(anonymous_11)
FN:210,(anonymous_12)
FN:217,(anonymous_13)
FN:227,(anonymous_14)
FN:234,(anonymous_15)
FN:247,(anonymous_16)
FN:261,(anonymous_17)
FN:267,(anonymous_18)
FNF:19
FNH:0
FNDA:0,(anonymous_0)
FNDA:0,(anonymous_1)
FNDA:0,(anonymous_2)
FNDA:0,(anonymous_3)
FNDA:0,(anonymous_4)
FNDA:0,(anonymous_5)
FNDA:0,(anonymous_6)
FNDA:0,(anonymous_7)
FNDA:0,(anonymous_8)
FNDA:0,(anonymous_9)
FNDA:0,(anonymous_10)
FNDA:0,(anonymous_11)
FNDA:0,(anonymous_12)
FNDA:0,(anonymous_13)
FNDA:0,(anonymous_14)
FNDA:0,(anonymous_15)
FNDA:0,(anonymous_16)
FNDA:0,(anonymous_17)
FNDA:0,(anonymous_18)
DA:6,0
DA:7,0
DA:8,0
DA:12,0
DA:13,0
DA:15,0
DA:22,0
DA:26,0
DA:27,0
DA:30,0
DA:31,0
DA:32,0
DA:35,0
DA:36,0
DA:40,0
DA:43,0
DA:44,0
DA:50,0
DA:72,0
DA:90,0
DA:111,0
DA:160,0
DA:166,0
DA:178,0
DA:202,0
DA:210,0
DA:218,0
DA:227,0
DA:234,0
DA:247,0
DA:261,0
DA:267,0
LF:32
LH:0
BRDA:76,0,0,0
BRDA:76,0,1,0
BRDA:82,1,0,0
BRDA:82,1,1,0
BRDA:90,2,0,0
BRDA:90,2,1,0
BRDA:95,3,0,0
BRDA:95,3,1,0
BRDA:104,4,0,0
BRDA:104,4,1,0
BRDA:126,5,0,0
BRDA:126,5,1,0
BRDA:135,6,0,0
BRDA:135,6,1,0
BRDA:139,7,0,0
BRDA:139,7,1,0
BRDA:143,8,0,0
BRDA:143,8,1,0
BRDA:183,9,0,0
BRDA:183,9,1,0
BRDA:198,10,0,0
BRDA:198,10,1,0
BRDA:206,11,0,0
BRDA:206,11,1,0
BRDA:218,12,0,0
BRDA:218,12,1,0
BRDA:223,13,0,0
BRDA:223,13,1,0
BRDA:242,14,0,0
BRDA:242,14,1,0
BRF:30
BRH:0
end_of_record
TN:
SF:src\components\Maintenance\AdvancedMaintenanceTools.js
FN:3,(anonymous_0)
FN:72,(anonymous_1)
FN:125,(anonymous_2)
FN:128,(anonymous_3)
FN:139,(anonymous_4)
FNF:5
FNH:0
FNDA:0,(anonymous_0)
FNDA:0,(anonymous_1)
FNDA:0,(anonymous_2)
FNDA:0,(anonymous_3)
FNDA:0,(anonymous_4)
DA:3,0
DA:4,0
DA:6,0
DA:13,0
DA:40,0
DA:47,0
DA:52,0
DA:59,0
DA:64,0
DA:72,0
DA:85,0
DA:90,0
DA:96,0
DA:104,0
DA:111,0
DA:117,0
DA:126,0
DA:128,0
DA:140,0
LF:19
LH:0
BRDA:77,0,0,0
BRDA:77,0,1,0
BRDA:81,1,0,0
BRDA:81,1,1,0
BRDA:82,2,0,0
BRDA:82,2,1,0
BRF:6
BRH:0
end_of_record
TN:
SF:src\components\Maintenance\MaintenanceIoTSystem.js
FN:4,(anonymous_0)
FN:245,(anonymous_1)
FN:250,(anonymous_2)
FN:253,(anonymous_3)
FN:264,(anonymous_4)
FN:272,(anonymous_5)
FN:276,(anonymous_6)
FN:294,(anonymous_7)
FN:304,(anonymous_8)
FN:316,(anonymous_9)
FN:362,(anonymous_10)
FN:403,(anonymous_11)
FN:422,(anonymous_12)
FN:435,(anonymous_13)
FN:470,(anonymous_14)
FN:481,(anonymous_15)
FN:485,(anonymous_16)
FN:489,(anonymous_17)
FN:495,(anonymous_18)
FN:563,(anonymous_19)
FN:582,(anonymous_20)
FN:601,(anonymous_21)
FN:619,(anonymous_22)
FN:646,(anonymous_23)
FN:741,(anonymous_24)
FN:745,(anonymous_25)
FNF:26
FNH:0
FNDA:0,(anonymous_0)
FNDA:0,(anonymous_1)
FNDA:0,(anonymous_2)
FNDA:0,(anonymous_3)
FNDA:0,(anonymous_4)
FNDA:0,(anonymous_5)
FNDA:0,(anonymous_6)
FNDA:0,(anonymous_7)
FNDA:0,(anonymous_8)
FNDA:0,(anonymous_9)
FNDA:0,(anonymous_10)
FNDA:0,(anonymous_11)
FNDA:0,(anonymous_12)
FNDA:0,(anonymous_13)
FNDA:0,(anonymous_14)
FNDA:0,(anonymous_15)
FNDA:0,(anonymous_16)
FNDA:0,(anonymous_17)
FNDA:0,(anonymous_18)
FNDA:0,(anonymous_19)
FNDA:0,(anonymous_20)
FNDA:0,(anonymous_21)
FNDA:0,(anonymous_22)
FNDA:0,(anonymous_23)
FNDA:0,(anonymous_24)
FNDA:0,(anonymous_25)
DA:4,0
DA:5,0
DA:6,0
DA:7,0
DA:8,0
DA:9,0
DA:12,0
DA:245,0
DA:246,0
DA:250,0
DA:251,0
DA:252,0
DA:253,0
DA:254,0
DA:255,0
DA:256,0
DA:258,0
DA:260,0
DA:264,0
DA:265,0
DA:272,0
DA:273,0
DA:276,0
DA:277,0
DA:278,0
DA:279,0
DA:280,0
DA:281,0
DA:282,0
DA:283,0
DA:284,0
DA:285,0
DA:286,0
DA:287,0
DA:288,0
DA:289,0
DA:290,0
DA:294,0
DA:295,0
DA:296,0
DA:297,0
DA:298,0
DA:299,0
DA:300,0
DA:304,0
DA:305,0
DA:306,0
DA:307,0
DA:308,0
DA:309,0
DA:310,0
DA:311,0
DA:312,0
DA:316,0
DA:317,0
DA:363,0
DA:404,0
DA:423,0
DA:436,0
DA:470,0
DA:471,0
DA:481,0
DA:485,0
DA:489,0
DA:496,0
DA:564,0
DA:583,0
DA:602,0
DA:619,0
DA:620,0
DA:647,0
DA:719,0
DA:725,0
DA:742,0
DA:745,0
LF:75
LH:0
BRDA:277,0,0,0
BRDA:277,0,1,0
BRDA:277,0,2,0
BRDA:277,0,3,0
BRDA:277,0,4,0
BRDA:277,0,5,0
BRDA:277,0,6,0
BRDA:277,0,7,0
BRDA:277,0,8,0
BRDA:277,0,9,0
BRDA:277,0,10,0
BRDA:277,0,11,0
BRDA:277,0,12,0
BRDA:295,1,0,0
BRDA:295,1,1,0
BRDA:295,1,2,0
BRDA:295,1,3,0
BRDA:295,1,4,0
BRDA:305,2,0,0
BRDA:305,2,1,0
BRDA:305,2,2,0
BRDA:305,2,3,0
BRDA:305,2,4,0
BRDA:305,2,5,0
BRDA:305,2,6,0
BRDA:400,3,0,0
BRDA:400,3,1,0
BRDA:498,4,0,0
BRDA:498,4,1,0
BRDA:522,5,0,0
BRDA:522,5,1,0
BRDA:522,6,0,0
BRDA:522,6,1,0
BRDA:529,7,0,0
BRDA:529,7,1,0
BRDA:546,8,0,0
BRDA:546,8,1,0
BRDA:553,9,0,0
BRDA:553,9,1,0
BRDA:561,10,0,0
BRDA:561,10,1,0
BRDA:744,11,0,0
BRDA:744,11,1,0
BRDA:753,12,0,0
BRDA:753,12,1,0
BRDA:760,13,0,0
BRDA:760,13,1,0
BRDA:761,14,0,0
BRDA:761,14,1,0
BRDA:762,15,0,0
BRDA:762,15,1,0
BRF:51
BRH:0
end_of_record
TN:
SF:src\components\Map\MapView.js
FN:5,(anonymous_0)
FN:8,(anonymous_1)
FNF:2
FNH:0
FNDA:0,(anonymous_0)
FNDA:0,(anonymous_1)
DA:5,0
DA:6,0
DA:8,0
DA:14,0
LF:4
LH:0
BRDA:5,0,0,0
BRDA:5,1,0,0
BRDA:49,2,0,0
BRDA:49,2,1,0
BRF:4
BRH:0
end_of_record
TN:
SF:src\components\Mobile\MobileOptimizer.js
FN:4,(anonymous_0)
FN:17,(anonymous_1)
FN:23,(anonymous_2)
FN:30,(anonymous_3)
FN:69,(anonymous_4)
FN:80,(anonymous_5)
FN:95,(anonymous_6)
FN:99,(anonymous_7)
FN:101,(anonymous_8)
FN:120,(anonymous_9)
FN:153,(anonymous_10)
FN:161,(anonymous_11)
FN:172,(anonymous_12)
FN:178,(anonymous_13)
FN:189,(anonymous_14)
FN:211,(anonymous_15)
FN:213,(anonymous_16)
FN:219,(anonymous_17)
FN:235,(anonymous_18)
FN:241,(anonymous_19)
FN:250,(anonymous_20)
FN:254,(anonymous_21)
FN:266,(anonymous_22)
FN:295,(anonymous_23)
FN:315,(anonymous_24)
FN:323,(anonymous_25)
FN:327,(anonymous_26)
FN:335,(anonymous_27)
FN:341,(anonymous_28)
FN:345,(anonymous_29)
FN:355,(anonymous_30)
FN:378,(anonymous_31)
FN:389,(anonymous_32)
FN:394,(anonymous_33)
FN:411,(anonymous_34)
FN:417,(anonymous_35)
FNF:36
FNH:0
FNDA:0,(anonymous_0)
FNDA:0,(anonymous_1)
FNDA:0,(anonymous_2)
FNDA:0,(anonymous_3)
FNDA:0,(anonymous_4)
FNDA:0,(anonymous_5)
FNDA:0,(anonymous_6)
FNDA:0,(anonymous_7)
FNDA:0,(anonymous_8)
FNDA:0,(anonymous_9)
FNDA:0,(anonymous_10)
FNDA:0,(anonymous_11)
FNDA:0,(anonymous_12)
FNDA:0,(anonymous_13)
FNDA:0,(anonymous_14)
FNDA:0,(anonymous_15)
FNDA:0,(anonymous_16)
FNDA:0,(anonymous_17)
FNDA:0,(anonymous_18)
FNDA:0,(anonymous_19)
FNDA:0,(anonymous_20)
FNDA:0,(anonymous_21)
FNDA:0,(anonymous_22)
FNDA:0,(anonymous_23)
FNDA:0,(anonymous_24)
FNDA:0,(anonymous_25)
FNDA:0,(anonymous_26)
FNDA:0,(anonymous_27)
FNDA:0,(anonymous_28)
FNDA:0,(anonymous_29)
FNDA:0,(anonymous_30)
FNDA:0,(anonymous_31)
FNDA:0,(anonymous_32)
FNDA:0,(anonymous_33)
FNDA:0,(anonymous_34)
FNDA:0,(anonymous_35)
DA:4,0
DA:5,0
DA:6,0
DA:7,0
DA:8,0
DA:9,0
DA:10,0
DA:11,0
DA:12,0
DA:14,0
DA:15,0
DA:17,0
DA:18,0
DA:19,0
DA:20,0
DA:21,0
DA:23,0
DA:24,0
DA:25,0
DA:26,0
DA:30,0
DA:32,0
DA:33,0
DA:34,0
DA:37,0
DA:38,0
DA:41,0
DA:47,0
DA:48,0
DA:51,0
DA:52,0
DA:55,0
DA:56,0
DA:59,0
DA:60,0
DA:61,0
DA:62,0
DA:66,0
DA:69,0
DA:70,0
DA:71,0
DA:72,0
DA:75,0
DA:76,0
DA:80,0
DA:82,0
DA:83,0
DA:86,0
DA:87,0
DA:88,0
DA:89,0
DA:91,0
DA:95,0
DA:97,0
DA:98,0
DA:99,0
DA:100,0
DA:101,0
DA:102,0
DA:104,0
DA:105,0
DA:106,0
DA:107,0
DA:109,0
DA:113,0
DA:115,0
DA:120,0
DA:122,0
DA:123,0
DA:124,0
DA:125,0
DA:126,0
DA:130,0
DA:131,0
DA:133,0
DA:136,0
DA:139,0
DA:143,0
DA:144,0
DA:148,0
DA:149,0
DA:153,0
DA:154,0
DA:161,0
DA:162,0
DA:163,0
DA:164,0
DA:165,0
DA:166,0
DA:167,0
DA:172,0
DA:173,0
DA:178,0
DA:179,0
DA:180,0
DA:181,0
DA:182,0
DA:183,0
DA:184,0
DA:189,0
DA:190,0
DA:194,0
DA:196,0
DA:197,0
DA:198,0
DA:201,0
DA:202,0
DA:203,0
DA:207,0
DA:208,0
DA:211,0
DA:213,0
DA:214,0
DA:215,0
DA:219,0
DA:220,0
DA:221,0
DA:224,0
DA:225,0
DA:226,0
DA:230,0
DA:233,0
DA:234,0
DA:235,0
DA:236,0
DA:241,0
DA:242,0
DA:243,0
DA:244,0
DA:245,0
DA:250,0
DA:252,0
DA:254,0
DA:255,0
DA:256,0
DA:257,0
DA:258,0
DA:259,0
DA:261,0
DA:262,0
DA:266,0
DA:267,0
DA:269,0
DA:270,0
DA:271,0
DA:274,0
DA:275,0
DA:276,0
DA:277,0
DA:278,0
DA:279,0
DA:281,0
DA:282,0
DA:283,0
DA:284,0
DA:285,0
DA:286,0
DA:290,0
DA:291,0
DA:295,0
DA:296,0
DA:298,0
DA:299,0
DA:300,0
DA:301,0
DA:304,0
DA:305,0
DA:308,0
DA:311,0
DA:312,0
DA:313,0
DA:315,0
DA:316,0
DA:317,0
DA:318,0
DA:323,0
DA:324,0
DA:326,0
DA:327,0
DA:329,0
DA:330,0
DA:335,0
DA:336,0
DA:337,0
DA:341,0
DA:342,0
DA:344,0
DA:345,0
DA:348,0
DA:350,0
DA:355,0
DA:356,0
DA:357,0
DA:359,0
DA:360,0
DA:362,0
DA:363,0
DA:365,0
DA:366,0
DA:368,0
DA:369,0
DA:371,0
DA:372,0
DA:378,0
DA:379,0
DA:380,0
DA:389,0
DA:390,0
DA:392,0
DA:394,0
DA:395,0
DA:396,0
DA:398,0
DA:400,0
DA:401,0
DA:404,0
DA:405,0
DA:409,0
DA:411,0
DA:412,0
DA:417,0
DA:418,0
DA:432,0
DA:433,0
DA:434,0
DA:435,0
DA:438,0
DA:449,0
LF:228
LH:0
BRDA:34,0,0,0
BRDA:34,0,1,0
BRDA:37,1,0,0
BRDA:37,1,1,0
BRDA:47,2,0,0
BRDA:47,2,1,0
BRDA:51,3,0,0
BRDA:51,3,1,0
BRDA:59,4,0,0
BRDA:59,4,1,0
BRDA:61,5,0,0
BRDA:61,5,1,0
BRDA:62,6,0,0
BRDA:62,6,1,0
BRDA:75,7,0,0
BRDA:75,7,1,0
BRDA:82,8,0,0
BRDA:82,8,1,0
BRDA:83,9,0,0
BRDA:83,9,1,0
BRDA:86,10,0,0
BRDA:86,10,1,0
BRDA:86,11,0,0
BRDA:86,11,1,0
BRDA:88,12,0,0
BRDA:88,12,1,0
BRDA:88,13,0,0
BRDA:88,13,1,0
BRDA:97,14,0,0
BRDA:97,14,1,0
BRDA:104,15,0,0
BRDA:104,15,1,0
BRDA:106,16,0,0
BRDA:106,16,1,0
BRDA:123,17,0,0
BRDA:123,17,1,0
BRDA:130,18,0,0
BRDA:130,18,1,0
BRDA:131,19,0,0
BRDA:131,19,1,0
BRDA:131,20,0,0
BRDA:131,20,1,0
BRDA:143,21,0,0
BRDA:143,21,1,0
BRDA:148,22,0,0
BRDA:148,22,1,0
BRDA:163,23,0,0
BRDA:163,23,1,0
BRDA:180,24,0,0
BRDA:180,24,1,0
BRDA:196,25,0,0
BRDA:196,25,1,0
BRDA:197,26,0,0
BRDA:197,26,1,0
BRDA:202,27,0,0
BRDA:202,27,1,0
BRDA:224,28,0,0
BRDA:224,28,1,0
BRDA:225,29,0,0
BRDA:225,29,1,0
BRDA:233,30,0,0
BRDA:233,30,1,0
BRDA:242,31,0,0
BRDA:242,31,1,0
BRDA:244,32,0,0
BRDA:244,32,1,0
BRDA:245,33,0,0
BRDA:245,33,1,0
BRDA:250,34,0,0
BRDA:261,35,0,0
BRDA:261,35,1,0
BRDA:267,36,0,0
BRDA:267,36,1,0
BRDA:267,37,0,0
BRDA:267,37,1,0
BRDA:274,38,0,0
BRDA:274,38,1,0
BRDA:274,39,0,0
BRDA:274,39,1,0
BRDA:276,40,0,0
BRDA:276,40,1,0
BRDA:276,41,0,0
BRDA:276,41,1,0
BRDA:278,42,0,0
BRDA:278,42,1,0
BRDA:278,43,0,0
BRDA:278,43,1,0
BRDA:281,44,0,0
BRDA:281,44,1,0
BRDA:281,45,0,0
BRDA:281,45,1,0
BRDA:283,46,0,0
BRDA:283,46,1,0
BRDA:283,47,0,0
BRDA:283,47,1,0
BRDA:285,48,0,0
BRDA:285,48,1,0
BRDA:285,49,0,0
BRDA:285,49,1,0
BRDA:290,50,0,0
BRDA:290,50,1,0
BRDA:298,51,0,0
BRDA:298,51,1,0
BRDA:298,52,0,0
BRDA:298,52,1,0
BRDA:298,52,2,0
BRDA:300,53,0,0
BRDA:300,53,1,0
BRDA:300,54,0,0
BRDA:300,54,1,0
BRDA:300,54,2,0
BRDA:304,55,0,0
BRDA:304,55,1,0
BRDA:324,56,0,0
BRDA:324,56,1,0
BRDA:329,57,0,0
BRDA:329,57,1,0
BRDA:336,58,0,0
BRDA:336,58,1,0
BRDA:336,59,0,0
BRDA:336,59,1,0
BRDA:342,60,0,0
BRDA:342,60,1,0
BRDA:348,61,0,0
BRDA:348,61,1,0
BRDA:355,62,0,0
BRDA:356,63,0,0
BRDA:356,63,1,0
BRDA:356,64,0,0
BRDA:356,64,1,0
BRDA:357,65,0,0
BRDA:357,65,1,0
BRDA:357,65,2,0
BRDA:357,65,3,0
BRDA:357,65,4,0
BRDA:381,66,0,0
BRDA:381,66,1,0
BRDA:381,66,2,0
BRDA:382,67,0,0
BRDA:382,67,1,0
BRDA:382,67,2,0
BRDA:383,68,0,0
BRDA:383,68,1,0
BRDA:383,68,2,0
BRDA:384,69,0,0
BRDA:384,69,1,0
BRDA:384,69,2,0
BRDA:390,70,0,0
BRDA:390,70,1,0
BRDA:398,71,0,0
BRDA:398,71,1,0
BRDA:440,72,0,0
BRDA:440,72,1,0
BRDA:443,73,0,0
BRDA:443,73,1,0
BRDA:444,74,0,0
BRDA:444,74,1,0
BRDA:445,75,0,0
BRDA:445,75,1,0
BRDA:446,76,0,0
BRDA:446,76,1,0
BRDA:465,77,0,0
BRDA:465,77,1,0
BRDA:471,78,0,0
BRDA:471,78,1,0
BRF:165
BRH:0
end_of_record
TN:
SF:src\components\Notifications\CommunityHub.js
FN:4,(anonymous_0)
FN:180,(anonymous_1)
FN:184,(anonymous_2)
FN:188,(anonymous_3)
FN:199,(anonymous_4)
FN:221,(anonymous_5)
FN:225,(anonymous_6)
FN:226,(anonymous_7)
FN:226,(anonymous_8)
FN:237,(anonymous_9)
FN:238,(anonymous_10)
FN:238,(anonymous_11)
FN:251,(anonymous_12)
FN:267,(anonymous_13)
FN:286,(anonymous_14)
FN:295,(anonymous_15)
FN:349,(anonymous_16)
FN:353,(anonymous_17)
FN:374,(anonymous_18)
FN:399,(anonymous_19)
FN:431,(anonymous_20)
FN:441,(anonymous_21)
FN:462,(anonymous_22)
FN:489,(anonymous_23)
FN:496,(anonymous_24)
FN:533,(anonymous_25)
FN:560,(anonymous_26)
FN:590,(anonymous_27)
FNF:28
FNH:0
FNDA:0,(anonymous_0)
FNDA:0,(anonymous_1)
FNDA:0,(anonymous_2)
FNDA:0,(anonymous_3)
FNDA:0,(anonymous_4)
FNDA:0,(anonymous_5)
FNDA:0,(anonymous_6)
FNDA:0,(anonymous_7)
FNDA:0,(anonymous_8)
FNDA:0,(anonymous_9)
FNDA:0,(anonymous_10)
FNDA:0,(anonymous_11)
FNDA:0,(anonymous_12)
FNDA:0,(anonymous_13)
FNDA:0,(anonymous_14)
FNDA:0,(anonymous_15)
FNDA:0,(anonymous_16)
FNDA:0,(anonymous_17)
FNDA:0,(anonymous_18)
FNDA:0,(anonymous_19)
FNDA:0,(anonymous_20)
FNDA:0,(anonymous_21)
FNDA:0,(anonymous_22)
FNDA:0,(anonymous_23)
FNDA:0,(anonymous_24)
FNDA:0,(anonymous_25)
FNDA:0,(anonymous_26)
FNDA:0,(anonymous_27)
DA:4,0
DA:5,0
DA:6,0
DA:7,0
DA:8,0
DA:9,0
DA:10,0
DA:11,0
DA:12,0
DA:13,0
DA:16,0
DA:95,0
DA:153,0
DA:180,0
DA:181,0
DA:184,0
DA:185,0
DA:186,0
DA:188,0
DA:189,0
DA:190,0
DA:191,0
DA:193,0
DA:195,0
DA:199,0
DA:200,0
DA:202,0
DA:221,0
DA:222,0
DA:225,0
DA:226,0
DA:227,0
DA:237,0
DA:238,0
DA:239,0
DA:251,0
DA:252,0
DA:253,0
DA:255,0
DA:256,0
DA:257,0
DA:259,0
DA:260,0
DA:261,0
DA:262,0
DA:264,0
DA:267,0
DA:268,0
DA:269,0
DA:270,0
DA:271,0
DA:273,0
DA:274,0
DA:275,0
DA:276,0
DA:278,0
DA:286,0
DA:287,0
DA:288,0
DA:289,0
DA:290,0
DA:291,0
DA:295,0
DA:296,0
DA:297,0
DA:298,0
DA:299,0
DA:300,0
DA:304,0
DA:350,0
DA:353,0
DA:374,0
DA:400,0
DA:432,0
DA:441,0
DA:463,0
DA:489,0
DA:497,0
DA:533,0
DA:561,0
DA:591,0
LF:81
LH:0
BRDA:200,0,0,0
BRDA:200,0,1,0
BRDA:227,1,0,0
BRDA:227,1,1,0
BRDA:231,2,0,0
BRDA:231,2,1,0
BRDA:239,3,0,0
BRDA:239,3,1,0
BRDA:243,4,0,0
BRDA:243,4,1,0
BRDA:259,5,0,0
BRDA:259,5,1,0
BRDA:260,6,0,0
BRDA:260,6,1,0
BRDA:261,7,0,0
BRDA:261,7,1,0
BRDA:262,8,0,0
BRDA:262,8,1,0
BRDA:273,9,0,0
BRDA:273,9,1,0
BRDA:275,10,0,0
BRDA:275,10,1,0
BRDA:287,11,0,0
BRDA:287,11,1,0
BRDA:287,11,2,0
BRDA:287,11,3,0
BRDA:296,12,0,0
BRDA:296,12,1,0
BRDA:296,12,2,0
BRDA:296,12,3,0
BRDA:352,13,0,0
BRDA:352,13,1,0
BRDA:366,14,0,0
BRDA:366,14,1,0
BRDA:407,15,0,0
BRDA:407,15,1,0
BRDA:429,16,0,0
BRDA:429,16,1,0
BRDA:440,17,0,0
BRDA:440,17,1,0
BRDA:460,18,0,0
BRDA:460,18,1,0
BRDA:483,19,0,0
BRDA:483,19,1,0
BRDA:532,20,0,0
BRDA:532,20,1,0
BRDA:535,21,0,0
BRDA:535,21,1,0
BRDA:550,22,0,0
BRDA:550,22,1,0
BRDA:607,23,0,0
BRDA:607,23,1,0
BRF:52
BRH:0
end_of_record
TN:
SF:src\components\Notifications\EmailIntegration.js
FN:4,(anonymous_0)
FN:132,(anonymous_1)
FN:136,(anonymous_2)
FN:140,(anonymous_3)
FN:150,(anonymous_4)
FN:151,(anonymous_5)
FN:157,(anonymous_6)
FN:161,(anonymous_7)
FN:170,(anonymous_8)
FN:240,(anonymous_9)
FN:250,(anonymous_10)
FN:260,(anonymous_11)
FN:341,(anonymous_12)
FN:356,(anonymous_13)
FN:371,(anonymous_14)
FN:386,(anonymous_15)
FN:406,(anonymous_16)
FN:421,(anonymous_17)
FN:436,(anonymous_18)
FN:456,(anonymous_19)
FN:471,(anonymous_20)
FN:499,(anonymous_21)
FN:503,(anonymous_22)
FN:520,(anonymous_23)
FN:588,(anonymous_24)
FN:653,(anonymous_25)
FN:654,(anonymous_26)
FN:659,(anonymous_27)
FNF:28
FNH:0
FNDA:0,(anonymous_0)
FNDA:0,(anonymous_1)
FNDA:0,(anonymous_2)
FNDA:0,(anonymous_3)
FNDA:0,(anonymous_4)
FNDA:0,(anonymous_5)
FNDA:0,(anonymous_6)
FNDA:0,(anonymous_7)
FNDA:0,(anonymous_8)
FNDA:0,(anonymous_9)
FNDA:0,(anonymous_10)
FNDA:0,(anonymous_11)
FNDA:0,(anonymous_12)
FNDA:0,(anonymous_13)
FNDA:0,(anonymous_14)
FNDA:0,(anonymous_15)
FNDA:0,(anonymous_16)
FNDA:0,(anonymous_17)
FNDA:0,(anonymous_18)
FNDA:0,(anonymous_19)
FNDA:0,(anonymous_20)
FNDA:0,(anonymous_21)
FNDA:0,(anonymous_22)
FNDA:0,(anonymous_23)
FNDA:0,(anonymous_24)
FNDA:0,(anonymous_25)
FNDA:0,(anonymous_26)
FNDA:0,(anonymous_27)
DA:4,0
DA:5,0
DA:18,0
DA:19,0
DA:20,0
DA:21,0
DA:22,0
DA:25,0
DA:83,0
DA:132,0
DA:133,0
DA:136,0
DA:137,0
DA:138,0
DA:140,0
DA:141,0
DA:142,0
DA:144,0
DA:146,0
DA:150,0
DA:151,0
DA:157,0
DA:158,0
DA:159,0
DA:161,0
DA:162,0
DA:164,0
DA:166,0
DA:170,0
DA:171,0
DA:237,0
DA:240,0
DA:241,0
DA:242,0
DA:243,0
DA:244,0
DA:245,0
DA:246,0
DA:250,0
DA:251,0
DA:252,0
DA:253,0
DA:254,0
DA:255,0
DA:256,0
DA:260,0
DA:261,0
DA:262,0
DA:264,0
DA:265,0
DA:266,0
DA:268,0
DA:269,0
DA:270,0
DA:271,0
DA:273,0
DA:276,0
DA:341,0
DA:356,0
DA:371,0
DA:386,0
DA:406,0
DA:421,0
DA:436,0
DA:456,0
DA:471,0
DA:500,0
DA:503,0
DA:521,0
DA:522,0
DA:523,0
DA:589,0
DA:653,0
DA:654,0
DA:659,0
LF:75
LH:0
BRDA:237,0,0,0
BRDA:237,0,1,0
BRDA:241,1,0,0
BRDA:241,1,1,0
BRDA:241,1,2,0
BRDA:241,1,3,0
BRDA:241,1,4,0
BRDA:251,2,0,0
BRDA:251,2,1,0
BRDA:251,2,2,0
BRDA:251,2,3,0
BRDA:251,2,4,0
BRDA:268,3,0,0
BRDA:268,3,1,0
BRDA:269,4,0,0
BRDA:269,4,1,0
BRDA:270,5,0,0
BRDA:270,5,1,0
BRDA:271,6,0,0
BRDA:271,6,1,0
BRDA:486,7,0,0
BRDA:486,7,1,0
BRDA:502,8,0,0
BRDA:502,8,1,0
BRDA:612,9,0,0
BRDA:612,9,1,0
BRDA:620,10,0,0
BRDA:620,10,1,0
BRDA:628,11,0,0
BRDA:628,11,1,0
BRDA:652,12,0,0
BRDA:652,12,1,0
BRDA:652,12,2,0
BRF:33
BRH:0
end_of_record
TN:
SF:src\components\Notifications\NotificationCenter.js
FN:4,(anonymous_0)
FN:109,(anonymous_1)
FN:115,(anonymous_2)
FN:117,(anonymous_3)
FN:121,(anonymous_4)
FN:123,(anonymous_5)
FN:131,(anonymous_6)
FN:135,(anonymous_7)
FN:139,(anonymous_8)
FN:148,(anonymous_9)
FN:150,(anonymous_10)
FN:151,(anonymous_11)
FN:163,(anonymous_12)
FN:165,(anonymous_13)
FN:166,(anonymous_14)
FN:176,(anonymous_15)
FN:178,(anonymous_16)
FN:179,(anonymous_17)
FN:189,(anonymous_18)
FN:200,(anonymous_19)
FN:205,(anonymous_20)
FN:214,(anonymous_21)
FN:220,(anonymous_22)
FN:223,(anonymous_23)
FN:239,(anonymous_24)
FN:287,(anonymous_25)
FN:291,(anonymous_26)
FN:323,(anonymous_27)
FN:327,(anonymous_28)
FN:360,(anonymous_29)
FNF:30
FNH:0
FNDA:0,(anonymous_0)
FNDA:0,(anonymous_1)
FNDA:0,(anonymous_2)
FNDA:0,(anonymous_3)
FNDA:0,(anonymous_4)
FNDA:0,(anonymous_5)
FNDA:0,(anonymous_6)
FNDA:0,(anonymous_7)
FNDA:0,(anonymous_8)
FNDA:0,(anonymous_9)
FNDA:0,(anonymous_10)
FNDA:0,(anonymous_11)
FNDA:0,(anonymous_12)
FNDA:0,(anonymous_13)
FNDA:0,(anonymous_14)
FNDA:0,(anonymous_15)
FNDA:0,(anonymous_16)
FNDA:0,(anonymous_17)
FNDA:0,(anonymous_18)
FNDA:0,(anonymous_19)
FNDA:0,(anonymous_20)
FNDA:0,(anonymous_21)
FNDA:0,(anonymous_22)
FNDA:0,(anonymous_23)
FNDA:0,(anonymous_24)
FNDA:0,(anonymous_25)
FNDA:0,(anonymous_26)
FNDA:0,(anonymous_27)
FNDA:0,(anonymous_28)
FNDA:0,(anonymous_29)
DA:4,0
DA:5,0
DA:6,0
DA:7,0
DA:8,0
DA:9,0
DA:12,0
DA:99,0
DA:109,0
DA:110,0
DA:111,0
DA:115,0
DA:117,0
DA:118,0
DA:121,0
DA:123,0
DA:124,0
DA:125,0
DA:129,0
DA:130,0
DA:131,0
DA:135,0
DA:136,0
DA:137,0
DA:139,0
DA:140,0
DA:142,0
DA:144,0
DA:148,0
DA:149,0
DA:150,0
DA:151,0
DA:152,0
DA:159,0
DA:163,0
DA:164,0
DA:165,0
DA:166,0
DA:172,0
DA:176,0
DA:177,0
DA:178,0
DA:179,0
DA:185,0
DA:189,0
DA:190,0
DA:191,0
DA:194,0
DA:196,0
DA:200,0
DA:201,0
DA:203,0
DA:205,0
DA:206,0
DA:214,0
DA:215,0
DA:217,0
DA:220,0
DA:223,0
DA:224,0
DA:225,0
DA:227,0
DA:228,0
DA:229,0
DA:231,0
DA:232,0
DA:233,0
DA:234,0
DA:236,0
DA:239,0
DA:240,0
DA:241,0
DA:242,0
DA:243,0
DA:244,0
DA:248,0
DA:250,0
DA:252,0
DA:288,0
DA:291,0
DA:324,0
DA:327,0
DA:361,0
DA:362,0
LF:84
LH:0
BRDA:110,0,0,0
BRDA:110,0,1,0
BRDA:124,1,0,0
BRDA:124,1,1,0
BRDA:124,2,0,0
BRDA:124,2,1,0
BRDA:129,3,0,0
BRDA:129,3,1,0
BRDA:152,4,0,0
BRDA:152,4,1,0
BRDA:190,5,0,0
BRDA:190,5,1,0
BRDA:194,6,0,0
BRDA:194,6,1,0
BRDA:203,7,0,0
BRDA:203,7,1,0
BRDA:203,7,2,0
BRDA:203,7,3,0
BRDA:203,7,4,0
BRDA:203,7,5,0
BRDA:203,7,6,0
BRDA:203,7,7,0
BRDA:203,7,8,0
BRDA:231,8,0,0
BRDA:231,8,1,0
BRDA:232,9,0,0
BRDA:232,9,1,0
BRDA:233,10,0,0
BRDA:233,10,1,0
BRDA:234,11,0,0
BRDA:234,11,1,0
BRDA:240,12,0,0
BRDA:240,12,1,0
BRDA:240,12,2,0
BRDA:240,12,3,0
BRDA:248,13,0,0
BRDA:248,13,1,0
BRDA:259,14,0,0
BRDA:259,14,1,0
BRDA:265,15,0,0
BRDA:265,15,1,0
BRDA:290,16,0,0
BRDA:290,16,1,0
BRDA:295,17,0,0
BRDA:295,17,1,0
BRDA:295,17,2,0
BRDA:305,18,0,0
BRDA:305,18,1,0
BRDA:310,19,0,0
BRDA:310,19,1,0
BRDA:315,20,0,0
BRDA:315,20,1,0
BRDA:317,21,0,0
BRDA:317,21,1,0
BRDA:326,22,0,0
BRDA:326,22,1,0
BRDA:335,23,0,0
BRDA:335,23,1,0
BRDA:349,24,0,0
BRDA:349,24,1,0
BRF:60
BRH:0
end_of_record
TN:
SF:src\components\PWA\PWAManager.js
FN:4,(anonymous_0)
FN:15,(anonymous_1)
FN:23,(anonymous_2)
FN:30,(anonymous_3)
FN:37,(anonymous_4)
FN:39,(anonymous_5)
FN:55,(anonymous_6)
FN:61,(anonymous_7)
FN:67,(anonymous_8)
FN:72,(anonymous_9)
FN:77,(anonymous_10)
FN:93,(anonymous_11)
FN:99,(anonymous_12)
FN:106,(anonymous_13)
FN:117,(anonymous_14)
FN:122,(anonymous_15)
FN:146,(anonymous_16)
FN:164,(anonymous_17)
FN:166,(anonymous_18)
FN:176,(anonymous_19)
FN:210,(anonymous_20)
FN:234,(anonymous_21)
FN:246,(anonymous_22)
FN:254,(anonymous_23)
FN:255,(anonymous_24)
FN:259,(anonymous_25)
FN:282,(anonymous_26)
FN:299,(anonymous_27)
FN:309,(anonymous_28)
FN:325,(anonymous_29)
FN:334,(anonymous_30)
FN:336,(anonymous_31)
FN:340,(anonymous_32)
FN:358,(anonymous_33)
FN:377,(anonymous_34)
FN:388,(anonymous_35)
FN:399,(anonymous_36)
FN:444,(anonymous_37)
FN:465,(anonymous_38)
FNF:39
FNH:0
FNDA:0,(anonymous_0)
FNDA:0,(anonymous_1)
FNDA:0,(anonymous_2)
FNDA:0,(anonymous_3)
FNDA:0,(anonymous_4)
FNDA:0,(anonymous_5)
FNDA:0,(anonymous_6)
FNDA:0,(anonymous_7)
FNDA:0,(anonymous_8)
FNDA:0,(anonymous_9)
FNDA:0,(anonymous_10)
FNDA:0,(anonymous_11)
FNDA:0,(anonymous_12)
FNDA:0,(anonymous_13)
FNDA:0,(anonymous_14)
FNDA:0,(anonymous_15)
FNDA:0,(anonymous_16)
FNDA:0,(anonymous_17)
FNDA:0,(anonymous_18)
FNDA:0,(anonymous_19)
FNDA:0,(anonymous_20)
FNDA:0,(anonymous_21)
FNDA:0,(anonymous_22)
FNDA:0,(anonymous_23)
FNDA:0,(anonymous_24)
FNDA:0,(anonymous_25)
FNDA:0,(anonymous_26)
FNDA:0,(anonymous_27)
FNDA:0,(anonymous_28)
FNDA:0,(anonymous_29)
FNDA:0,(anonymous_30)
FNDA:0,(anonymous_31)
FNDA:0,(anonymous_32)
FNDA:0,(anonymous_33)
FNDA:0,(anonymous_34)
FNDA:0,(anonymous_35)
FNDA:0,(anonymous_36)
FNDA:0,(anonymous_37)
FNDA:0,(anonymous_38)
DA:4,0
DA:5,0
DA:6,0
DA:7,0
DA:8,0
DA:9,0
DA:10,0
DA:11,0
DA:12,0
DA:15,0
DA:16,0
DA:17,0
DA:18,0
DA:19,0
DA:20,0
DA:21,0
DA:23,0
DA:24,0
DA:25,0
DA:26,0
DA:30,0
DA:31,0
DA:32,0
DA:33,0
DA:34,0
DA:37,0
DA:38,0
DA:39,0
DA:40,0
DA:41,0
DA:47,0
DA:50,0
DA:55,0
DA:56,0
DA:57,0
DA:58,0
DA:61,0
DA:62,0
DA:63,0
DA:64,0
DA:67,0
DA:68,0
DA:69,0
DA:72,0
DA:73,0
DA:74,0
DA:77,0
DA:78,0
DA:80,0
DA:82,0
DA:83,0
DA:85,0
DA:86,0
DA:88,0
DA:89,0
DA:93,0
DA:94,0
DA:95,0
DA:99,0
DA:100,0
DA:101,0
DA:102,0
DA:106,0
DA:107,0
DA:108,0
DA:109,0
DA:110,0
DA:112,0
DA:117,0
DA:118,0
DA:119,0
DA:122,0
DA:123,0
DA:124,0
DA:125,0
DA:126,0
DA:129,0
DA:130,0
DA:131,0
DA:132,0
DA:133,0
DA:135,0
DA:136,0
DA:137,0
DA:138,0
DA:140,0
DA:146,0
DA:147,0
DA:149,0
DA:150,0
DA:151,0
DA:153,0
DA:154,0
DA:155,0
DA:156,0
DA:159,0
DA:164,0
DA:165,0
DA:166,0
DA:167,0
DA:168,0
DA:169,0
DA:176,0
DA:177,0
DA:178,0
DA:179,0
DA:182,0
DA:183,0
DA:185,0
DA:186,0
DA:187,0
DA:193,0
DA:199,0
DA:200,0
DA:202,0
DA:205,0
DA:206,0
DA:210,0
DA:211,0
DA:212,0
DA:213,0
DA:215,0
DA:216,0
DA:219,0
DA:226,0
DA:227,0
DA:229,0
DA:234,0
DA:235,0
DA:241,0
DA:242,0
DA:245,0
DA:246,0
DA:247,0
DA:251,0
DA:254,0
DA:255,0
DA:256,0
DA:259,0
DA:260,0
DA:262,0
DA:263,0
DA:265,0
DA:266,0
DA:267,0
DA:268,0
DA:269,0
DA:271,0
DA:275,0
DA:277,0
DA:278,0
DA:282,0
DA:283,0
DA:285,0
DA:291,0
DA:292,0
DA:295,0
DA:299,0
DA:300,0
DA:301,0
DA:302,0
DA:303,0
DA:304,0
DA:309,0
DA:310,0
DA:311,0
DA:312,0
DA:313,0
DA:314,0
DA:315,0
DA:317,0
DA:318,0
DA:321,0
DA:325,0
DA:327,0
DA:328,0
DA:329,0
DA:331,0
DA:334,0
DA:335,0
DA:336,0
DA:340,0
DA:342,0
DA:344,0
DA:345,0
DA:347,0
DA:348,0
DA:350,0
DA:351,0
DA:353,0
DA:358,0
DA:359,0
DA:360,0
DA:361,0
DA:367,0
DA:369,0
DA:373,0
DA:377,0
DA:378,0
DA:379,0
DA:380,0
DA:382,0
DA:383,0
DA:388,0
DA:389,0
DA:390,0
DA:391,0
DA:392,0
DA:393,0
DA:394,0
DA:395,0
DA:399,0
DA:400,0
DA:401,0
DA:402,0
DA:403,0
DA:404,0
DA:405,0
DA:406,0
DA:411,0
DA:419,0
DA:444,0
DA:465,0
LF:223
LH:0
BRDA:31,0,0,0
BRDA:31,0,1,0
BRDA:40,1,0,0
BRDA:40,1,1,0
BRDA:40,2,0,0
BRDA:40,2,1,0
BRDA:80,3,0,0
BRDA:80,3,1,0
BRDA:80,3,2,0
BRDA:94,4,0,0
BRDA:94,4,1,0
BRDA:94,5,0,0
BRDA:94,5,1,0
BRDA:100,6,0,0
BRDA:100,6,1,0
BRDA:100,7,0,0
BRDA:100,7,1,0
BRDA:108,8,0,0
BRDA:108,8,1,0
BRDA:123,9,0,0
BRDA:123,9,1,0
BRDA:135,10,0,0
BRDA:135,10,1,0
BRDA:136,11,0,0
BRDA:136,11,1,0
BRDA:137,12,0,0
BRDA:137,12,1,0
BRDA:147,13,0,0
BRDA:147,13,1,0
BRDA:153,14,0,0
BRDA:153,14,1,0
BRDA:165,15,0,0
BRDA:165,15,1,0
BRDA:167,16,0,0
BRDA:167,16,1,0
BRDA:177,17,0,0
BRDA:177,17,1,0
BRDA:177,18,0,0
BRDA:177,18,1,0
BRDA:185,19,0,0
BRDA:185,19,1,0
BRDA:215,20,0,0
BRDA:215,20,1,0
BRDA:245,21,0,0
BRDA:245,21,1,0
BRDA:245,22,0,0
BRDA:245,22,1,0
BRDA:247,23,0,0
BRDA:247,23,1,0
BRDA:260,24,0,0
BRDA:260,24,1,0
BRDA:277,25,0,0
BRDA:277,25,1,0
BRDA:283,26,0,0
BRDA:291,27,0,0
BRDA:291,27,1,0
BRDA:300,28,0,0
BRDA:300,28,1,0
BRDA:302,29,0,0
BRDA:302,29,1,0
BRDA:310,30,0,0
BRDA:310,30,1,0
BRDA:310,31,0,0
BRDA:310,31,1,0
BRDA:325,32,0,0
BRDA:342,33,0,0
BRDA:342,33,1,0
BRDA:342,33,2,0
BRDA:342,33,3,0
BRDA:359,34,0,0
BRDA:359,34,1,0
BRDA:389,35,0,0
BRDA:389,35,1,0
BRDA:389,35,2,0
BRDA:389,35,3,0
BRDA:389,35,4,0
BRDA:389,35,5,0
BRDA:400,36,0,0
BRDA:400,36,1,0
BRDA:400,36,2,0
BRDA:400,36,3,0
BRDA:400,36,4,0
BRDA:400,36,5,0
BRDA:422,37,0,0
BRDA:422,37,1,0
BRDA:427,38,0,0
BRDA:427,38,1,0
BRDA:432,39,0,0
BRDA:432,39,1,0
BRDA:432,39,2,0
BRDA:453,40,0,0
BRDA:453,40,1,0
BRDA:474,41,0,0
BRDA:474,41,1,0
BRDA:480,42,0,0
BRDA:480,42,1,0
BRDA:486,43,0,0
BRDA:486,43,1,0
BRDA:486,43,2,0
BRDA:495,44,0,0
BRDA:495,44,1,0
BRDA:496,45,0,0
BRDA:496,45,1,0
BRDA:498,46,0,0
BRDA:498,46,1,0
BRF:105
BRH:0
end_of_record
TN:
SF:src\components\Profile\AccountSettings.js
FN:3,(anonymous_0)
FN:43,(anonymous_1)
FN:66,(anonymous_2)
FN:67,(anonymous_3)
FN:73,(anonymous_4)
FN:74,(anonymous_5)
FN:81,(anonymous_6)
FN:88,(anonymous_7)
FN:111,(anonymous_8)
FN:119,(anonymous_9)
FN:129,(anonymous_10)
FN:138,(anonymous_11)
FN:142,(anonymous_12)
FN:145,(anonymous_13)
FN:154,(anonymous_14)
FN:157,(anonymous_15)
FN:217,(anonymous_16)
FN:231,(anonymous_17)
FN:241,(anonymous_18)
FN:251,(anonymous_19)
FN:261,(anonymous_20)
[...]
FNDA:0,(anonymous_4)
FNDA:0,(anonymous_5)
FNDA:0,(anonymous_6)
FNDA:0,(anonymous_7)
FNDA:0,(anonymous_8)
FNDA:0,(anonymous_9)
FNDA:0,(anonymous_10)
FNDA:0,(anonymous_11)
FNDA:0,(anonymous_12)
FNDA:0,(anonymous_13)
FNDA:0,(anonymous_14)
FNDA:0,(anonymous_15)
FNDA:0,(anonymous_16)
FNDA:0,(anonymous_17)
FNDA:0,(anonymous_18)
FNDA:0,(anonymous_19)
FNDA:0,(anonymous_20)
FNDA:0,(anonymous_21)
FNDA:0,(anonymous_22)
FNDA:0,(anonymous_23)
FNDA:0,(anonymous_24)
FNDA:0,(anonymous_25)
FNDA:0,(anonymous_26)
FNDA:0,(anonymous_27)
FNDA:0,(anonymous_28)
FNDA:0,(anonymous_29)
FNDA:0,(anonymous_30)
FNDA:0,(anonymous_31)
FNDA:0,(anonymous_32)
DA:4,0
DA:7,0
DA:16,0
DA:18,0
DA:19,0
DA:20,0
DA:22,0
DA:25,0
DA:30,0
DA:31,0
DA:34,0
DA:35,0
DA:38,0
DA:40,0
DA:41,0
DA:42,0
DA:45,0
DA:52,0
DA:53,0
DA:54,0
DA:58,0
DA:61,0
DA:62,0
DA:67,0
DA:68,0
DA:73,0
DA:74,0
DA:79,0
DA:80,0
DA:85,0
DA:86,0
DA:91,0
DA:92,0
DA:97,0
DA:98,0
DA:103,0
DA:104,0
DA:109,0
DA:112,0
DA:113,0
DA:118,0
DA:119,0
DA:124,0
DA:125,0
DA:130,0
DA:131,0
DA:136,0
DA:137,0
DA:142,0
DA:143,0
DA:148,0
DA:151,0
DA:156,0
DA:159,0
DA:160,0
DA:165,0
DA:166,0
DA:171,0
DA:176,0
DA:181,0
DA:182,0
DA:187,0
DA:188,0
DA:193,0
DA:196,0
DA:197,0
DA:202,0
DA:203,0
DA:208,0
DA:209,0
DA:214,0
DA:215,0
DA:220,0
DA:221,0
DA:226,0
DA:229,0
DA:234,0
DA:239,0
DA:244,0
DA:249,0
DA:250,0
LF:81
LH:0
BRDA:4,0,0,0
BRDA:4,0,1,0
BRDA:19,1,0,0
BRDA:19,1,1,0
BRDA:34,2,0,0
BRDA:34,2,1,0
BRDA:38,3,0,0
BRDA:38,3,1,0
BRDA:38,4,0,0
BRDA:38,4,1,0
BRDA:111,5,0,0
BRDA:147,6,0,0
BRF:12
BRH:0
end_of_record
TN:
SF:src\services\cloudinaryService.js
FN:3,(anonymous_0)
FN:8,(anonymous_1)
FN:35,(anonymous_2)
FN:40,(anonymous_3)
FN:66,(anonymous_4)
FN:67,(anonymous_5)
FN:75,(anonymous_6)
FN:82,(anonymous_7)
FN:95,(anonymous_8)
FN:106,(anonymous_9)
FN:129,(anonymous_10)
FN:148,(anonymous_11)
FN:178,(anonymous_12)
FN:194,(anonymous_13)
FN:216,(anonymous_14)
FNF:15
FNH:0
FNDA:0,(anonymous_0)
FNDA:0,(anonymous_1)
FNDA:0,(anonymous_2)
FNDA:0,(anonymous_3)
FNDA:0,(anonymous_4)
FNDA:0,(anonymous_5)
FNDA:0,(anonymous_6)
FNDA:0,(anonymous_7)
FNDA:0,(anonymous_8)
FNDA:0,(anonymous_9)
FNDA:0,(anonymous_10)
FNDA:0,(anonymous_11)
FNDA:0,(anonymous_12)
FNDA:0,(anonymous_13)
FNDA:0,(anonymous_14)
DA:4,0
DA:9,0
DA:10,0
DA:11,0
DA:12,0
DA:14,0
DA:22,0
DA:23,0
DA:26,0
DA:27,0
DA:29,0
DA:30,0
DA:36,0
DA:37,0
DA:40,0
DA:41,0
DA:43,0
DA:45,0
DA:53,0
DA:54,0
DA:57,0
DA:58,0
DA:60,0
DA:61,0
DA:67,0
DA:68,0
DA:69,0
DA:70,0
DA:72,0
DA:75,0
DA:76,0
DA:77,0
DA:78,0
DA:82,0
DA:83,0
DA:84,0
DA:85,0
DA:86,0
DA:88,0
DA:91,0
DA:95,0
DA:96,0
DA:99,0
DA:100,0
DA:101,0
DA:107,0
DA:108,0
DA:116,0
DA:117,0
DA:120,0
DA:121,0
DA:123,0
DA:124,0
DA:131,0
DA:132,0
DA:137,0
DA:144,0
DA:152,0
DA:154,0
DA:157,0
DA:158,0
DA:162,0
DA:163,0
DA:167,0
DA:168,0
DA:171,0
DA:179,0
DA:180,0
DA:182,0
DA:183,0
DA:185,0
DA:187,0
DA:188,0
DA:189,0
DA:190,0
DA:194,0
DA:195,0
DA:196,0
DA:200,0
DA:203,0
DA:204,0
DA:208,0
DA:212,0
DA:217,0
DA:218,0
DA:225,0
DA:226,0
DA:229,0
DA:230,0
DA:232,0
DA:233,0
DA:239,0
LF:92
LH:0
BRDA:4,0,0,0
BRDA:4,0,1,0
BRDA:8,1,0,0
BRDA:8,2,0,0
BRDA:22,3,0,0
BRDA:22,3,1,0
BRDA:35,4,0,0
BRDA:35,5,0,0
BRDA:53,6,0,0
BRDA:53,6,1,0
BRDA:66,7,0,0
BRDA:66,8,0,0
BRDA:76,9,0,0
BRDA:76,9,1,0
BRDA:76,10,0,0
BRDA:76,10,1,0
BRDA:83,11,0,0
BRDA:83,11,1,0
BRDA:116,12,0,0
BRDA:116,12,1,0
BRDA:129,13,0,0
BRDA:131,14,0,0
BRDA:131,14,1,0
BRDA:148,15,0,0
BRDA:150,16,0,0
BRDA:151,17,0,0
BRDA:157,18,0,0
BRDA:157,18,1,0
BRDA:162,19,0,0
BRDA:162,19,1,0
BRDA:167,20,0,0
BRDA:167,20,1,0
BRDA:178,21,0,0
BRDA:178,22,0,0
BRDA:178,23,0,0
BRDA:188,24,0,0
BRDA:188,24,1,0
BRDA:195,25,0,0
BRDA:195,25,1,0
BRDA:203,26,0,0
BRDA:203,26,1,0
BRDA:225,27,0,0
BRDA:225,27,1,0
BRF:43
BRH:0
end_of_record
TN:
SF:src\services\enhancedAPI.js
FN:3,(anonymous_0)
FN:15,(anonymous_1)
FN:23,(anonymous_2)
FN:28,(anonymous_3)
FN:38,(anonymous_4)
FN:57,(anonymous_5)
FN:82,(anonymous_6)
FN:84,(anonymous_7)
FN:93,(anonymous_8)
FN:101,(anonymous_9)
FN:109,(anonymous_10)
FN:117,(anonymous_11)
FN:125,(anonymous_12)
FN:129,(anonymous_13)
FN:146,(anonymous_14)
FN:150,(anonymous_15)
FN:158,(anonymous_16)
FN:164,(anonymous_17)
FN:168,(anonymous_18)
FN:172,(anonymous_19)
FN:176,(anonymous_20)
FN:180,(anonymous_21)
FN:188,(anonymous_22)
FN:192,(anonymous_23)
FN:199,(anonymous_24)
FN:203,(anonymous_25)
FN:207,(anonymous_26)
FN:211,(anonymous_27)
FN:215,(anonymous_28)
FN:219,(anonymous_29)
FN:226,(anonymous_30)
FN:230,(anonymous_31)
FN:234,(anonymous_32)
FN:238,(anonymous_33)
FN:242,(anonymous_34)
FN:246,(anonymous_35)
FN:248,(anonymous_36)
FN:257,(anonymous_37)
FN:261,(anonymous_38)
FN:265,(anonymous_39)
FN:272,(anonymous_40)
FN:276,(anonymous_41)
FN:280,(anonymous_42)
FN:284,(anonymous_43)
FN:288,(anonymous_44)
FN:295,(anonymous_45)
FNF:46
FNH:8
FNDA:2,(anonymous_0)
FNDA:1,(anonymous_1)
FNDA:3,(anonymous_2)
FNDA:3,(anonymous_3)
FNDA:2,(anonymous_4)
FNDA:3,(anonymous_5)
FNDA:3,(anonymous_6)
FNDA:0,(anonymous_7)
FNDA:0,(anonymous_8)
FNDA:0,(anonymous_9)
FNDA:0,(anonymous_10)
FNDA:0,(anonymous_11)
FNDA:0,(anonymous_12)
FNDA:0,(anonymous_13)
FNDA:0,(anonymous_14)
FNDA:0,(anonymous_15)
FNDA:0,(anonymous_16)
FNDA:0,(anonymous_17)
FNDA:0,(anonymous_18)
FNDA:0,(anonymous_19)
FNDA:0,(anonymous_20)
FNDA:0,(anonymous_21)
FNDA:0,(anonymous_22)
FNDA:3,(anonymous_23)
FNDA:0,(anonymous_24)
FNDA:0,(anonymous_25)
FNDA:0,(anonymous_26)
FNDA:0,(anonymous_27)
FNDA:0,(anonymous_28)
FNDA:0,(anonymous_29)
FNDA:0,(anonymous_30)
FNDA:0,(anonymous_31)
FNDA:0,(anonymous_32)
FNDA:0,(anonymous_33)
FNDA:0,(anonymous_34)
FNDA:0,(anonymous_35)
FNDA:0,(anonymous_36)
FNDA:0,(anonymous_37)
FNDA:0,(anonymous_38)
FNDA:0,(anonymous_39)
FNDA:0,(anonymous_40)
FNDA:0,(anonymous_41)
FNDA:0,(anonymous_42)
FNDA:0,(anonymous_43)
FNDA:0,(anonymous_44)
FNDA:0,(anonymous_45)
DA:4,2
DA:5,2
DA:6,2
DA:7,2
DA:12,1
DA:16,1
DA:17,1
DA:24,3
DA:29,3
DA:30,3
DA:31,3
DA:32,0
DA:34,3
DA:39,2
DA:42,2
DA:43,2
DA:45,0
DA:48,2
DA:49,1
DA:50,1
DA:53,1
DA:58,3
DA:59,3
DA:64,3
DA:65,3
DA:66,2
DA:68,2
DA:69,1
DA:73,1
DA:74,0
DA:77,1
DA:83,3
DA:84,3
DA:85,0
DA:86,0
DA:90,3
DA:94,0
DA:102,0
DA:110,0
DA:118,0
DA:126,0
DA:127,0
DA:129,0
DA:130,0
DA:133,0
DA:142,1
DA:145,1
DA:147,0
DA:151,0
DA:152,0
DA:153,0
DA:155,0
DA:159,0
DA:160,0
DA:161,0
DA:165,0
DA:169,0
DA:173,0
DA:177,0
DA:181,0
DA:182,0
DA:183,0
DA:185,0
DA:189,0
DA:193,3
DA:198,1
DA:200,0
DA:204,0
DA:208,0
DA:212,0
DA:216,0
DA:220,0
DA:225,1
DA:227,0
DA:231,0
DA:235,0
DA:239,0
DA:243,0
DA:247,0
DA:248,0
DA:250,0
DA:258,0
DA:262,0
DA:266,0
DA:271,1
DA:273,0
DA:277,0
DA:281,0
DA:285,0
DA:289,0
DA:294,1
DA:296,0
LF:92
LH:38
BRDA:3,0,0,1
BRDA:12,1,0,1
BRDA:12,1,1,1
BRDA:28,2,0,3
BRDA:31,3,0,0
BRDA:31,3,1,3
BRDA:42,4,0,2
BRDA:42,4,1,0
BRDA:42,5,0,2
BRDA:42,5,1,2
BRDA:48,6,0,1
BRDA:48,6,1,1
BRDA:49,7,0,1
BRDA:49,7,1,0
BRDA:49,7,2,0
BRDA:57,8,0,0
BRDA:68,9,0,1
BRDA:68,9,1,1
BRDA:73,10,0,0
BRDA:73,10,1,1
BRDA:73,11,0,1
BRDA:73,11,1,1
BRDA:77,12,0,1
BRDA:77,12,1,0
BRDA:82,13,0,3
BRDA:85,14,0,0
BRDA:85,14,1,0
BRDA:85,15,0,0
BRDA:85,15,1,0
BRDA:93,16,0,0
BRDA:93,17,0,0
BRDA:101,18,0,0
BRDA:101,19,0,0
BRDA:109,20,0,0
BRDA:109,21,0,0
BRDA:117,22,0,0
BRDA:125,23,0,0
BRDA:152,24,0,0
BRDA:152,24,1,0
BRDA:182,25,0,0
BRDA:182,25,1,0
BRDA:226,26,0,0
BRDA:257,27,0,0
BRDA:276,28,0,0
BRF:44
BRH:18
end_of_record
TN:
SF:src\services\landlordAPI.js
FN:9,(anonymous_0)
FN:14,(anonymous_1)
FN:21,(anonymous_2)
FN:35,(anonymous_3)
FN:49,(anonymous_4)
FN:63,(anonymous_5)
FN:77,(anonymous_6)
FN:92,(anonymous_7)
FN:107,(anonymous_8)
FNF:9
FNH:0
FNDA:0,(anonymous_0)
FNDA:0,(anonymous_1)
FNDA:0,(anonymous_2)
FNDA:0,(anonymous_3)
FNDA:0,(anonymous_4)
FNDA:0,(anonymous_5)
FNDA:0,(anonymous_6)
FNDA:0,(anonymous_7)
FNDA:0,(anonymous_8)
DA:6,0
DA:9,0
DA:10,0
DA:14,0
DA:19,0
DA:22,0
DA:27,0
DA:28,0
DA:31,0
DA:36,0
DA:41,0
DA:42,0
DA:45,0
DA:50,0
DA:55,0
DA:56,0
DA:59,0
DA:64,0
DA:69,0
DA:70,0
DA:73,0
DA:78,0
DA:84,0
DA:85,0
DA:88,0
DA:93,0
DA:99,0
DA:100,0
DA:103,0
DA:108,0
DA:114,0
DA:115,0
DA:118,0
LF:33
LH:0
BRDA:10,0,0,0
BRDA:10,0,1,0
BRDA:27,1,0,0
BRDA:27,1,1,0
BRDA:41,2,0,0
BRDA:41,2,1,0
BRDA:49,3,0,0
BRDA:55,4,0,0
BRDA:55,4,1,0
BRDA:69,5,0,0
BRDA:69,5,1,0
BRDA:84,6,0,0
BRDA:84,6,1,0
BRDA:99,7,0,0
BRDA:99,7,1,0
BRDA:114,8,0,0
BRDA:114,8,1,0
BRF:17
BRH:0
end_of_record
TN:
SF:src\tests\testAPI.js
FN:4,(anonymous_0)
FNF:1
FNH:0
FNDA:0,(anonymous_0)
DA:4,0
DA:5,0
DA:6,0
DA:7,0
DA:8,0
DA:9,0
DA:11,0
DA:12,0
LF:8
LH:0
BRF:0
BRH:0
end_of_record
TN:
SF:src\utils\frontendSecurity.js
FN:3,(anonymous_0)
FN:7,(anonymous_1)
FN:17,(anonymous_2)
FN:34,(anonymous_3)
FN:36,(anonymous_4)
FN:45,(anonymous_5)
FN:57,(anonymous_6)
FN:64,(anonymous_7)
FN:67,(anonymous_8)
FN:80,(anonymous_9)
FN:98,(anonymous_10)
FN:107,(anonymous_11)
FN:122,(anonymous_12)
FN:138,(anonymous_13)
FN:141,(anonymous_14)
FN:161,(anonymous_15)
FN:172,(anonymous_16)
FN:180,(anonymous_17)
FN:185,(anonymous_18)
FN:204,(anonymous_19)
FN:216,(anonymous_20)
FN:223,(anonymous_21)
FN:224,(anonymous_22)
FN:226,(anonymous_23)
FN:246,(anonymous_24)
FN:263,(anonymous_25)
FN:272,(anonymous_26)
FN:298,(anonymous_27)
FN:323,(anonymous_28)
FNF:29
FNH:0
FNDA:0,(anonymous_0)
FNDA:0,(anonymous_1)
FNDA:0,(anonymous_2)
FNDA:0,(anonymous_3)
FNDA:0,(anonymous_4)
FNDA:0,(anonymous_5)
FNDA:0,(anonymous_6)
FNDA:0,(anonymous_7)
FNDA:0,(anonymous_8)
FNDA:0,(anonymous_9)
FNDA:0,(anonymous_10)
FNDA:0,(anonymous_11)
FNDA:0,(anonymous_12)
FNDA:0,(anonymous_13)
FNDA:0,(anonymous_14)
FNDA:0,(anonymous_15)
FNDA:0,(anonymous_16)
FNDA:0,(anonymous_17)
FNDA:0,(anonymous_18)
FNDA:0,(anonymous_19)
FNDA:0,(anonymous_20)
FNDA:0,(anonymous_21)
FNDA:0,(anonymous_22)
FNDA:0,(anonymous_23)
FNDA:0,(anonymous_24)
FNDA:0,(anonymous_25)
FNDA:0,(anonymous_26)
FNDA:0,(anonymous_27)
FNDA:0,(anonymous_28)
DA:4,0
DA:9,0
DA:10,0
DA:11,0
DA:12,0
DA:13,0
DA:18,0
DA:19,0
DA:20,0
DA:30,0
DA:36,0
DA:37,0
DA:38,0
DA:39,0
DA:43,0
DA:44,0
DA:46,0
DA:48,0
DA:52,0
DA:54,0
DA:58,0
DA:65,0
DA:68,0
DA:71,0
DA:77,0
DA:81,0
DA:82,0
DA:83,0
DA:86,0
DA:87,0
DA:88,0
DA:91,0
DA:93,0
DA:94,0
DA:99,0
DA:100,0
DA:102,0
DA:103,0
DA:108,0
DA:111,0
DA:119,0
DA:123,0
DA:124,0
DA:125,0
DA:127,0
DA:128,0
DA:134,0
DA:140,0
DA:141,0
DA:143,0
DA:150,0
DA:151,0
DA:152,0
DA:156,0
DA:157,0
DA:160,0
DA:163,0
DA:164,0
DA:165,0
DA:166,0
DA:167,0
DA:170,0
DA:173,0
DA:174,0
DA:182,0
DA:183,0
DA:185,0
DA:186,0
DA:187,0
DA:188,0
DA:189,0
DA:190,0
DA:191,0
DA:197,0
DA:199,0
DA:203,0
DA:204,0
DA:205,0
DA:206,0
DA:207,0
DA:208,0
DA:211,0
DA:216,0
DA:217,0
DA:218,0
DA:223,0
DA:224,0
DA:225,0
DA:226,0
DA:227,0
DA:228,0
DA:229,0
DA:230,0
DA:231,0
DA:239,0
DA:247,0
DA:256,0
DA:257,0
DA:264,0
DA:268,0
DA:273,0
DA:274,0
DA:278,0
DA:284,0
DA:285,0
DA:286,0
DA:290,0
DA:294,0
DA:300,0
DA:301,0
DA:302,0
DA:307,0
DA:317,0
DA:322,0
DA:323,0
DA:324,0
DA:327,0
LF:117
LH:0
BRDA:26,0,0,0
BRDA:26,0,1,0
BRDA:46,1,0,0
BRDA:46,1,1,0
BRDA:68,2,0,0
BRDA:68,2,1,0
BRDA:83,3,0,0
BRDA:83,3,1,0
BRDA:86,4,0,0
BRDA:86,4,1,0
BRDA:108,5,0,0
BRDA:108,5,1,0
BRDA:125,6,0,0
BRDA:125,6,1,0
BRDA:141,7,0,0
BRDA:151,8,0,0
BRDA:151,8,1,0
BRDA:156,9,0,0
BRDA:156,9,1,0
BRDA:163,10,0,0
BRDA:163,10,1,0
BRDA:165,11,0,0
BRDA:165,11,1,0
BRDA:187,12,0,0
BRDA:187,12,1,0
BRDA:189,13,0,0
BRDA:189,13,1,0
BRDA:205,14,0,0
BRDA:205,14,1,0
BRDA:206,15,0,0
BRDA:206,15,1,0
BRDA:217,16,0,0
BRDA:217,16,1,0
BRDA:217,17,0,0
BRDA:217,17,1,0
BRDA:217,17,2,0
BRDA:225,18,0,0
BRDA:225,18,1,0
BRDA:227,19,0,0
BRDA:227,19,1,0
BRDA:227,20,0,0
BRDA:227,20,1,0
BRDA:229,21,0,0
BRDA:229,21,1,0
BRDA:229,22,0,0
BRDA:229,22,1,0
BRDA:229,22,2,0
BRDA:256,23,0,0
BRDA:256,23,1,0
BRDA:272,24,0,0
BRDA:273,25,0,0
BRDA:273,25,1,0
BRDA:285,26,0,0
BRDA:285,26,1,0
BRDA:298,27,0,0
BRDA:301,28,0,0
BRDA:301,28,1,0
BRDA:322,29,0,0
BRDA:322,29,1,0
BRF:59
BRH:0
end_of_record
TN:
SF:src\utils\performanceMonitor.js
FN:5,(anonymous_0)
FN:18,(anonymous_1)
FN:30,(anonymous_2)
FN:46,(anonymous_3)
FN:60,(anonymous_4)
FN:69,(anonymous_5)
FN:71,(anonymous_6)
FN:89,(anonymous_7)
FN:93,(anonymous_8)
FN:116,(anonymous_9)
FN:119,(anonymous_10)
FN:130,(anonymous_11)
FN:145,(anonymous_12)
FN:160,(anonymous_13)
FN:164,(anonymous_14)
FN:176,(anonymous_15)
FNF:16
FNH:0
FNDA:0,(anonymous_0)
FNDA:0,(anonymous_1)
FNDA:0,(anonymous_2)
FNDA:0,(anonymous_3)
FNDA:0,(anonymous_4)
FNDA:0,(anonymous_5)
FNDA:0,(anonymous_6)
FNDA:0,(anonymous_7)
FNDA:0,(anonymous_8)
FNDA:0,(anonymous_9)
FNDA:0,(anonymous_10)
FNDA:0,(anonymous_11)
FNDA:0,(anonymous_12)
FNDA:0,(anonymous_13)
FNDA:0,(anonymous_14)
FNDA:0,(anonymous_15)
DA:6,0
DA:7,0
DA:15,0
DA:20,0
DA:21,0
DA:22,0
DA:23,0
DA:24,0
DA:27,0
DA:31,0
DA:34,0
DA:35,0
DA:37,0
DA:38,0
DA:39,0
DA:43,0
DA:48,0
DA:51,0
DA:54,0
DA:57,0
DA:61,0
DA:62,0
DA:63,0
DA:64,0
DA:70,0
DA:71,0
DA:72,0
DA:73,0
DA:74,0
DA:76,0
DA:77,0
DA:80,0
DA:84,0
DA:85,0
DA:91,0
DA:93,0
DA:94,0
DA:96,0
DA:97,0
DA:98,0
DA:99,0
DA:102,0
DA:103,0
DA:106,0
DA:108,0
DA:109,0
DA:110,0
DA:111,0
DA:118,0
DA:119,0
DA:120,0
DA:121,0
DA:126,0
DA:132,0
DA:142,0
DA:147,0
DA:148,0
DA:161,0
DA:165,0
DA:176,0
DA:184,0
DA:189,0
DA:192,0
LF:63
LH:0
BRDA:37,0,0,0
BRDA:37,0,1,0
BRDA:61,1,0,0
BRDA:61,1,1,0
BRDA:63,2,0,0
BRDA:63,2,1,0
BRDA:70,3,0,0
BRDA:70,3,1,0
BRDA:76,4,0,0
BRDA:76,4,1,0
BRDA:102,5,0,0
BRDA:102,5,1,0
BRDA:118,6,0,0
BRDA:118,6,1,0
BRDA:118,7,0,0
BRDA:118,7,1,0
BRDA:120,8,0,0
BRDA:120,8,1,0
BRDA:147,9,0,0
BRDA:147,9,1,0
BRF:20
BRH:0
end_of_record
TN:
SF:src\utils\securityAuditor.js
FN:4,(anonymous_0)
FN:10,(anonymous_1)
FN:16,(anonymous_2)
FN:32,(anonymous_3)
FN:43,(anonymous_4)
FN:51,(anonymous_5)
FN:55,(anonymous_6)
FN:69,(anonymous_7)
FN:80,(anonymous_8)
FN:96,(anonymous_9)
FN:101,(anonymous_10)
FN:118,(anonymous_11)
FN:130,(anonymous_12)
FN:156,(anonymous_13)
FN:158,(anonymous_14)
FN:164,(anonymous_15)
FN:169,(anonymous_16)
FN:177,(anonymous_17)
FN:189,(anonymous_18)
FN:199,(anonymous_19)
FN:208,(anonymous_20)
FN:213,(anonymous_21)
FN:222,(anonymous_22)
FN:223,(anonymous_23)
FN:224,(anonymous_24)
FN:236,(anonymous_25)
FN:253,(anonymous_26)
FN:266,(anonymous_27)
FN:278,(anonymous_28)
FN:283,(anonymous_29)
FN:294,(anonymous_30)
FN:299,(anonymous_31)
FN:309,(anonymous_32)
FN:314,(anonymous_33)
FN:324,(anonymous_34)
FN:329,(anonymous_35)
FN:339,(anonymous_36)
FN:344,(anonymous_37)
FN:355,(anonymous_38)
FNF:39
FNH:0
FNDA:0,(anonymous_0)
FNDA:0,(anonymous_1)
FNDA:0,(anonymous_2)
FNDA:0,(anonymous_3)
FNDA:0,(anonymous_4)
FNDA:0,(anonymous_5)
FNDA:0,(anonymous_6)
FNDA:0,(anonymous_7)
FNDA:0,(anonymous_8)
FNDA:0,(anonymous_9)
FNDA:0,(anonymous_10)
FNDA:0,(anonymous_11)
FNDA:0,(anonymous_12)
FNDA:0,(anonymous_13)
FNDA:0,(anonymous_14)
FNDA:0,(anonymous_15)
FNDA:0,(anonymous_16)
FNDA:0,(anonymous_17)
FNDA:0,(anonymous_18)
FNDA:0,(anonymous_19)
FNDA:0,(anonymous_20)
FNDA:0,(anonymous_21)
FNDA:0,(anonymous_22)
FNDA:0,(anonymous_23)
FNDA:0,(anonymous_24)
FNDA:0,(anonymous_25)
FNDA:0,(anonymous_26)
FNDA:0,(anonymous_27)
FNDA:0,(anonymous_28)
FNDA:0,(anonymous_29)
FNDA:0,(anonymous_30)
FNDA:0,(anonymous_31)
FNDA:0,(anonymous_32)
FNDA:0,(anonymous_33)
FNDA:0,(anonymous_34)
FNDA:0,(anonymous_35)
FNDA:0,(anonymous_36)
FNDA:0,(anonymous_37)
FNDA:0,(anonymous_38)
DA:5,0
DA:6,0
DA:7,0
DA:11,0
DA:12,0
DA:13,0
DA:17,0
DA:20,0
DA:21,0
DA:22,0
DA:23,0
DA:24,0
DA:25,0
DA:26,0
DA:28,0
DA:29,0
DA:33,0
DA:34,0
DA:36,0
DA:37,0
DA:39,0
DA:44,0
DA:45,0
DA:47,0
DA:52,0
DA:53,0
DA:55,0
DA:56,0
DA:57,0
DA:58,0
DA:62,0
DA:63,0
DA:65,0
DA:70,0
DA:71,0
DA:72,0
DA:74,0
DA:75,0
DA:76,0
DA:79,0
DA:80,0
DA:81,0
DA:83,0
DA:89,0
DA:90,0
DA:92,0
DA:98,0
DA:99,0
DA:101,0
DA:103,0
DA:107,0
DA:111,0
DA:112,0
DA:114,0
DA:120,0
DA:127,0
DA:132,0
DA:134,0
DA:135,0
DA:137,0
DA:138,0
DA:139,0
DA:141,0
DA:144,0
DA:145,0
DA:147,0
DA:151,0
DA:158,0
DA:159,0
DA:160,0
DA:166,0
DA:168,0
DA:171,0
DA:177,0
DA:178,0
DA:179,0
DA:183,0
DA:190,0
DA:200,0
DA:210,0
DA:214,0
DA:222,0
DA:223,0
DA:224,0
DA:230,0
DA:232,0
DA:237,0
DA:250,0
DA:255,0
DA:256,0
DA:257,0
DA:259,0
DA:260,0
DA:263,0
DA:268,0
DA:269,0
DA:271,0
DA:272,0
DA:275,0
DA:280,0
DA:281,0
DA:283,0
DA:284,0
DA:285,0
DA:289,0
DA:296,0
DA:301,0
DA:302,0
DA:304,0
DA:311,0
DA:316,0
DA:317,0
DA:319,0
DA:326,0
DA:331,0
DA:332,0
DA:334,0
DA:341,0
DA:345,0
DA:346,0
DA:353,0
DA:354,0
DA:355,0
DA:356,0
DA:360,0
DA:365,0
DA:368,0
LF:127
LH:0
BRDA:36,0,0,0
BRDA:36,0,1,0
BRDA:36,1,0,0
BRDA:36,1,1,0
BRDA:44,2,0,0
BRDA:44,2,1,0
BRDA:44,3,0,0
BRDA:44,3,1,0
BRDA:57,4,0,0
BRDA:57,4,1,0
BRDA:57,5,0,0
BRDA:57,5,1,0
BRDA:57,5,2,0
BRDA:62,6,0,0
BRDA:62,6,1,0
BRDA:79,7,0,0
BRDA:79,7,1,0
BRDA:79,8,0,0
BRDA:79,8,1,0
BRDA:81,9,0,0
BRDA:81,9,1,0
BRDA:81,10,0,0
BRDA:81,10,1,0
BRDA:81,10,2,0
BRDA:81,10,3,0
BRDA:89,11,0,0
BRDA:89,11,1,0
BRDA:103,12,0,0
BRDA:103,12,1,0
BRDA:103,13,0,0
BRDA:103,13,1,0
BRDA:103,13,2,0
BRDA:103,13,3,0
BRDA:111,14,0,0
BRDA:111,14,1,0
BRDA:132,15,0,0
BRDA:132,15,1,0
BRDA:134,16,0,0
BRDA:134,16,1,0
BRDA:138,17,0,0
BRDA:138,17,1,0
BRDA:144,18,0,0
BRDA:144,18,1,0
BRDA:144,19,0,0
BRDA:144,19,1,0
BRDA:178,20,0,0
BRDA:178,20,1,0
BRDA:257,21,0,0
BRDA:257,21,1,0
BRDA:259,22,0,0
BRDA:259,22,1,0
BRDA:259,23,0,0
BRDA:259,23,1,0
BRDA:271,24,0,0
BRDA:271,24,1,0
BRDA:271,25,0,0
BRDA:271,25,1,0
BRDA:284,26,0,0
BRDA:284,26,1,0
BRDA:289,27,0,0
BRDA:289,27,1,0
BRDA:304,28,0,0
BRDA:304,28,1,0
BRDA:304,29,0,0
BRDA:304,29,1,0
BRDA:319,30,0,0
BRDA:319,30,1,0
BRDA:319,31,0,0
BRDA:319,31,1,0
BRDA:334,32,0,0
BRDA:334,32,1,0
BRDA:334,33,0,0
BRDA:334,33,1,0
BRDA:355,34,0,0
BRDA:355,34,1,0
BRDA:355,35,0,0
BRDA:355,35,1,0
BRF:77
BRH:0
end_of_record
TN:
SF:src\utils\testUtils.js
FN:10,(anonymous_0)
FN:20,(anonymous_1)
FN:25,(anonymous_2)
FN:34,(anonymous_3)
FN:37,(anonymous_4)
FN:45,(anonymous_5)
FN:58,(anonymous_6)
FN:81,(anonymous_7)
FN:94,(anonymous_8)
FN:102,(anonymous_9)
FN:108,(anonymous_10)
FN:109,(anonymous_11)
FN:112,(anonymous_12)
FN:113,(anonymous_13)
FN:117,(anonymous_14)
FN:121,(anonymous_15)
FN:126,(anonymous_16)
FN:130,(anonymous_17)
FN:135,(anonymous_18)
FN:139,(anonymous_19)
FN:140,(anonymous_20)
FN:141,(anonymous_21)
FN:142,(anonymous_22)
FN:142,(anonymous_23)
FN:147,(anonymous_24)
FN:150,(anonymous_25)
FN:156,(anonymous_26)
FN:162,(anonymous_27)
FN:171,(anonymous_28)
FN:185,(anonymous_29)
FN:186,(anonymous_30)
FN:197,(anonymous_31)
FN:202,(anonymous_32)
FN:208,(anonymous_33)
FN:214,(anonymous_34)
FN:221,(anonymous_35)
FN:231,(anonymous_36)
FNF:37
FNH:0
FNDA:0,(anonymous_0)
FNDA:0,(anonymous_1)
FNDA:0,(anonymous_2)
FNDA:0,(anonymous_3)
FNDA:0,(anonymous_4)
FNDA:0,(anonymous_5)
FNDA:0,(anonymous_6)
FNDA:0,(anonymous_7)
FNDA:0,(anonymous_8)
FNDA:0,(anonymous_9)
FNDA:0,(anonymous_10)
FNDA:0,(anonymous_11)
FNDA:0,(anonymous_12)
FNDA:0,(anonymous_13)
FNDA:0,(anonymous_14)
FNDA:0,(anonymous_15)
FNDA:0,(anonymous_16)
FNDA:0,(anonymous_17)
FNDA:0,(anonymous_18)
FNDA:0,(anonymous_19)
FNDA:0,(anonymous_20)
FNDA:0,(anonymous_21)
FNDA:0,(anonymous_22)
FNDA:0,(anonymous_23)
FNDA:0,(anonymous_24)
FNDA:0,(anonymous_25)
FNDA:0,(anonymous_26)
FNDA:0,(anonymous_27)
FNDA:0,(anonymous_28)
FNDA:0,(anonymous_29)
FNDA:0,(anonymous_30)
FNDA:0,(anonymous_31)
FNDA:0,(anonymous_32)
FNDA:0,(anonymous_33)
FNDA:0,(anonymous_34)
FNDA:0,(anonymous_35)
FNDA:0,(anonymous_36)
DA:10,1
DA:11,0
DA:13,0
DA:20,1
DA:21,0
DA:22,0
DA:25,0
DA:29,0
DA:34,1
DA:35,0
DA:37,0
DA:38,0
DA:39,0
DA:40,0
DA:45,1
DA:58,1
DA:81,1
DA:94,1
DA:95,0
DA:96,0
DA:97,0
DA:98,0
DA:102,1
DA:103,0
DA:104,0
DA:108,1
DA:109,0
DA:112,1
DA:113,0
DA:117,1
DA:118,0
DA:121,1
DA:122,0
DA:126,1
DA:127,0
DA:130,1
DA:131,0
DA:135,1
DA:136,0
DA:138,0
DA:139,0
DA:140,0
DA:141,0
DA:142,0
DA:147,1
DA:148,0
DA:150,0
DA:151,0
DA:152,0
DA:153,0
DA:156,0
DA:157,0
DA:162,1
DA:163,0
DA:171,1
DA:172,0
DA:173,0
DA:175,0
DA:176,0
DA:178,0
DA:179,0
DA:185,1
DA:186,0
DA:187,0
DA:188,0
DA:189,0
DA:191,0
DA:192,0
DA:197,1
DA:198,0
DA:201,0
DA:202,0
DA:203,0
DA:207,0
DA:208,0
DA:209,0
DA:213,0
DA:214,0
DA:215,0
DA:216,0
DA:221,1
DA:222,0
DA:231,0
DA:232,0
DA:233,0
DA:235,0
DA:238,0
LF:87
LH:21
BRDA:10,0,0,0
BRDA:10,1,0,0
BRDA:20,2,0,0
BRDA:20,3,0,0
BRDA:21,4,0,0
BRDA:21,4,1,0
BRDA:29,5,0,0
BRDA:29,5,1,0
BRDA:38,6,0,0
BRDA:38,6,1,0
BRDA:45,7,0,0
BRDA:58,8,0,0
BRDA:81,9,0,0
BRDA:102,10,0,0
BRDA:139,11,0,0
BRDA:139,11,1,0
BRDA:173,12,0,0
BRDA:175,13,0,0
BRDA:175,13,1,0
BRDA:216,14,0,0
BRDA:216,14,1,0
BRF:21
BRH:0
end_of_record
